Using GPU Device
Run info rank: 0: Torch version: 2.1.2+cu121 | Device: cuda:0 | Host: cpu
Loading dataset; args.percent_data=0.2
Run info rank: 1: Torch version: 2.1.2+cu121 | Device: cuda:0 | Host: cpu
Loaded tensor from ../data/wikipedia.data
1.4 Splitting data into training and validation data
len(train_data)=104035585, len(val_data)=11559510 percent_data=0.2
len(train_data)=20807117, len(val_data)=2311902
Loaded tensor from ../data/wikipedia.data
1.4 Splitting data into training and validation data
len(train_data)=104035585, len(val_data)=11559510 percent_data=0.2
len(train_data)=20807117, len(val_data)=2311902
-- procs    = 2
-- channels = 3
-- Tf       = 1.0
-- steps    = 64
-- max_levels     = 3
-- max_bwd_iters  = 1
-- max_fwd_iters  = 3
-- cfactor        = 4
-- fine fcf       = False
-- skip down      = True

args.model_dimension=384 args.num_heads=6 args.batch_size=64
rank 1: len(list(model.parameters())) 868
rank 1: 54972672
rank 0: len(list(model.parameters())) 930
rank 0: 97266001
Train Epoch: 1 [0/81276 (0%)]	Loss: 11.000373 LR 6.00e-07
Train Epoch: 1 [640/81276 (1%)]	Loss: 11.001536 LR 6.60e-06
Train Epoch: 1 [1280/81276 (2%)]	Loss: 10.958405 LR 1.26e-05
Train Epoch: 1 [1920/81276 (2%)]	Loss: 10.908828 LR 1.86e-05
Train Epoch: 1 [2560/81276 (3%)]	Loss: 10.837149 LR 2.46e-05
Train Epoch: 1 [3200/81276 (4%)]	Loss: 10.763296 LR 3.06e-05
Train Epoch: 1 [3840/81276 (5%)]	Loss: 10.602178 LR 3.66e-05
Train Epoch: 1 [4480/81276 (6%)]	Loss: 10.366899 LR 4.26e-05
Train Epoch: 1 [5120/81276 (6%)]	Loss: 9.986512 LR 4.86e-05
Train Epoch: 1 [5760/81276 (7%)]	Loss: 9.537766 LR 5.46e-05
Train Epoch: 1 [6400/81276 (8%)]	Loss: 9.175926 LR 6.06e-05
Train Epoch: 1 [7040/81276 (9%)]	Loss: 8.876544 LR 6.66e-05
Train Epoch: 1 [7680/81276 (9%)]	Loss: 8.666867 LR 7.26e-05
Train Epoch: 1 [8320/81276 (10%)]	Loss: 8.337814 LR 7.86e-05
Train Epoch: 1 [8960/81276 (11%)]	Loss: 8.144940 LR 8.46e-05
Train Epoch: 1 [9600/81276 (12%)]	Loss: 7.925135 LR 9.06e-05
Train Epoch: 1 [10240/81276 (13%)]	Loss: 7.741418 LR 9.66e-05
Train Epoch: 1 [10880/81276 (13%)]	Loss: 7.631832 LR 1.03e-04
Train Epoch: 1 [11520/81276 (14%)]	Loss: 7.623109 LR 1.09e-04
Train Epoch: 1 [12160/81276 (15%)]	Loss: 7.568364 LR 1.15e-04
Train Epoch: 1 [12800/81276 (16%)]	Loss: 7.602520 LR 1.21e-04
Train Epoch: 1 [13440/81276 (17%)]	Loss: 7.395339 LR 1.27e-04
Train Epoch: 1 [14080/81276 (17%)]	Loss: 7.509028 LR 1.33e-04
Train Epoch: 1 [14720/81276 (18%)]	Loss: 7.577008 LR 1.38e-04
Train Epoch: 1 [15360/81276 (19%)]	Loss: 7.619074 LR 1.44e-04
Train Epoch: 1 [16000/81276 (20%)]	Loss: 7.449956 LR 1.50e-04
Train Epoch: 1 [16640/81276 (20%)]	Loss: 7.282616 LR 1.56e-04
Train Epoch: 1 [17280/81276 (21%)]	Loss: 7.506747 LR 1.62e-04
Train Epoch: 1 [17920/81276 (22%)]	Loss: 7.248427 LR 1.68e-04
Train Epoch: 1 [18560/81276 (23%)]	Loss: 7.003549 LR 1.74e-04
Train Epoch: 1 [19200/81276 (24%)]	Loss: 7.009747 LR 1.80e-04
Train Epoch: 1 [19840/81276 (24%)]	Loss: 7.143631 LR 1.86e-04
Train Epoch: 1 [20480/81276 (25%)]	Loss: 7.030324 LR 1.92e-04
Train Epoch: 1 [21120/81276 (26%)]	Loss: 7.061679 LR 1.98e-04
Train Epoch: 1 [21760/81276 (27%)]	Loss: 7.076188 LR 2.04e-04
Train Epoch: 1 [22400/81276 (28%)]	Loss: 6.982399 LR 2.10e-04
Train Epoch: 1 [23040/81276 (28%)]	Loss: 7.140478 LR 2.16e-04
Train Epoch: 1 [23680/81276 (29%)]	Loss: 6.893002 LR 2.22e-04
Train Epoch: 1 [24320/81276 (30%)]	Loss: 7.036297 LR 2.28e-04
Train Epoch: 1 [24960/81276 (31%)]	Loss: 6.750968 LR 2.34e-04
Train Epoch: 1 [25600/81276 (32%)]	Loss: 6.887793 LR 2.40e-04
Train Epoch: 1 [26240/81276 (32%)]	Loss: 6.950927 LR 2.46e-04
Train Epoch: 1 [26880/81276 (33%)]	Loss: 6.658113 LR 2.52e-04
Train Epoch: 1 [27520/81276 (34%)]	Loss: 6.920126 LR 2.58e-04
Train Epoch: 1 [28160/81276 (35%)]	Loss: 6.861010 LR 2.64e-04
Train Epoch: 1 [28800/81276 (35%)]	Loss: 6.794230 LR 2.70e-04
Train Epoch: 1 [29440/81276 (36%)]	Loss: 6.867682 LR 2.76e-04
Train Epoch: 1 [30080/81276 (37%)]	Loss: 6.757015 LR 2.82e-04
Train Epoch: 1 [30720/81276 (38%)]	Loss: 6.749523 LR 2.88e-04
Train Epoch: 1 [31360/81276 (39%)]	Loss: 6.651175 LR 2.94e-04
Train Epoch: 1 [32000/81276 (39%)]	Loss: 6.768829 LR 2.99e-04
Train Epoch: 1 [32640/81276 (40%)]	Loss: 6.928118 LR 2.99e-04
Train Epoch: 1 [33280/81276 (41%)]	Loss: 6.830444 LR 2.99e-04
Train Epoch: 1 [33920/81276 (42%)]	Loss: 6.792256 LR 2.99e-04
Train Epoch: 1 [34560/81276 (43%)]	Loss: 6.801784 LR 2.99e-04
Train Epoch: 1 [35200/81276 (43%)]	Loss: 7.115701 LR 2.99e-04
Train Epoch: 1 [35840/81276 (44%)]	Loss: 6.695992 LR 2.99e-04
Train Epoch: 1 [36480/81276 (45%)]	Loss: 6.724710 LR 2.99e-04
Train Epoch: 1 [37120/81276 (46%)]	Loss: 6.413773 LR 2.98e-04
Train Epoch: 1 [37760/81276 (46%)]	Loss: 6.527495 LR 2.98e-04
Train Epoch: 1 [38400/81276 (47%)]	Loss: 6.511897 LR 2.98e-04
Train Epoch: 1 [39040/81276 (48%)]	Loss: 6.680557 LR 2.98e-04
Train Epoch: 1 [39680/81276 (49%)]	Loss: 6.401189 LR 2.98e-04
Train Epoch: 1 [40320/81276 (50%)]	Loss: 6.707063 LR 2.98e-04
Train Epoch: 1 [40960/81276 (50%)]	Loss: 6.585999 LR 2.98e-04
Train Epoch: 1 [41600/81276 (51%)]	Loss: 6.606339 LR 2.98e-04
Train Epoch: 1 [42240/81276 (52%)]	Loss: 6.576315 LR 2.98e-04
Train Epoch: 1 [42880/81276 (53%)]	Loss: 6.386186 LR 2.98e-04
Train Epoch: 1 [43520/81276 (54%)]	Loss: 6.513293 LR 2.98e-04
Train Epoch: 1 [44160/81276 (54%)]	Loss: 6.474429 LR 2.98e-04
Train Epoch: 1 [44800/81276 (55%)]	Loss: 6.547752 LR 2.98e-04
Train Epoch: 1 [45440/81276 (56%)]	Loss: 6.589447 LR 2.98e-04
Train Epoch: 1 [46080/81276 (57%)]	Loss: 6.626756 LR 2.98e-04
Train Epoch: 1 [46720/81276 (58%)]	Loss: 6.651022 LR 2.98e-04
Train Epoch: 1 [47360/81276 (58%)]	Loss: 6.340487 LR 2.97e-04
Train Epoch: 1 [48000/81276 (59%)]	Loss: 6.595216 LR 2.97e-04
Train Epoch: 1 [48640/81276 (60%)]	Loss: 6.328257 LR 2.97e-04
Train Epoch: 1 [49280/81276 (61%)]	Loss: 6.376078 LR 2.97e-04
Train Epoch: 1 [49920/81276 (61%)]	Loss: 6.505187 LR 2.97e-04
Train Epoch: 1 [50560/81276 (62%)]	Loss: 6.476058 LR 2.97e-04
Train Epoch: 1 [51200/81276 (63%)]	Loss: 6.292095 LR 2.97e-04
Train Epoch: 1 [51840/81276 (64%)]	Loss: 6.549002 LR 2.97e-04
Train Epoch: 1 [52480/81276 (65%)]	Loss: 6.313847 LR 2.97e-04
Train Epoch: 1 [53120/81276 (65%)]	Loss: 6.271170 LR 2.97e-04
Train Epoch: 1 [53760/81276 (66%)]	Loss: 6.565006 LR 2.97e-04
Train Epoch: 1 [54400/81276 (67%)]	Loss: 6.462399 LR 2.97e-04
Train Epoch: 1 [55040/81276 (68%)]	Loss: 6.477446 LR 2.97e-04
Train Epoch: 1 [55680/81276 (69%)]	Loss: 6.513870 LR 2.97e-04
Train Epoch: 1 [56320/81276 (69%)]	Loss: 6.453059 LR 2.96e-04
Train Epoch: 1 [56960/81276 (70%)]	Loss: 6.475351 LR 2.96e-04
Train Epoch: 1 [57600/81276 (71%)]	Loss: 6.333457 LR 2.96e-04
Train Epoch: 1 [58240/81276 (72%)]	Loss: 6.646780 LR 2.96e-04
Train Epoch: 1 [58880/81276 (72%)]	Loss: 6.595815 LR 2.96e-04
Train Epoch: 1 [59520/81276 (73%)]	Loss: 6.231672 LR 2.96e-04
Train Epoch: 1 [60160/81276 (74%)]	Loss: 6.437610 LR 2.96e-04
Train Epoch: 1 [60800/81276 (75%)]	Loss: 6.400312 LR 2.96e-04
Train Epoch: 1 [61440/81276 (76%)]	Loss: 6.373244 LR 2.96e-04
Train Epoch: 1 [62080/81276 (76%)]	Loss: 6.325167 LR 2.96e-04
Train Epoch: 1 [62720/81276 (77%)]	Loss: 6.412834 LR 2.96e-04
Train Epoch: 1 [63360/81276 (78%)]	Loss: 6.552018 LR 2.96e-04
Train Epoch: 1 [64000/81276 (79%)]	Loss: 6.399738 LR 2.95e-04
Train Epoch: 1 [64640/81276 (80%)]	Loss: 6.415741 LR 2.95e-04
Train Epoch: 1 [65280/81276 (80%)]	Loss: 6.481576 LR 2.95e-04
Train Epoch: 1 [65920/81276 (81%)]	Loss: 6.268239 LR 2.95e-04
Train Epoch: 1 [66560/81276 (82%)]	Loss: 6.581380 LR 2.95e-04
Train Epoch: 1 [67200/81276 (83%)]	Loss: 6.389887 LR 2.95e-04
Train Epoch: 1 [67840/81276 (84%)]	Loss: 6.190760 LR 2.95e-04
Train Epoch: 1 [68480/81276 (84%)]	Loss: 6.439217 LR 2.95e-04
Train Epoch: 1 [69120/81276 (85%)]	Loss: 6.432970 LR 2.95e-04
Train Epoch: 1 [69760/81276 (86%)]	Loss: 6.489252 LR 2.95e-04
Train Epoch: 1 [70400/81276 (87%)]	Loss: 6.521439 LR 2.94e-04
Train Epoch: 1 [71040/81276 (87%)]	Loss: 6.645615 LR 2.94e-04
Train Epoch: 1 [71680/81276 (88%)]	Loss: 6.450113 LR 2.94e-04
Train Epoch: 1 [72320/81276 (89%)]	Loss: 6.376515 LR 2.94e-04
Train Epoch: 1 [72960/81276 (90%)]	Loss: 6.391640 LR 2.94e-04
Train Epoch: 1 [73600/81276 (91%)]	Loss: 6.249350 LR 2.94e-04
Train Epoch: 1 [74240/81276 (91%)]	Loss: 6.520663 LR 2.94e-04
Train Epoch: 1 [74880/81276 (92%)]	Loss: 6.666614 LR 2.94e-04
Train Epoch: 1 [75520/81276 (93%)]	Loss: 6.406350 LR 2.94e-04
Train Epoch: 1 [76160/81276 (94%)]	Loss: 6.402968 LR 2.94e-04
Train Epoch: 1 [76800/81276 (95%)]	Loss: 6.497176 LR 2.93e-04
Train Epoch: 1 [77440/81276 (95%)]	Loss: 6.402045 LR 2.93e-04
Train Epoch: 1 [78080/81276 (96%)]	Loss: 6.382550 LR 2.93e-04
Train Epoch: 1 [78720/81276 (97%)]	Loss: 6.539395 LR 2.93e-04
Train Epoch: 1 [79360/81276 (98%)]	Loss: 6.698912 LR 2.93e-04
Train Epoch: 1 [80000/81276 (99%)]	Loss: 6.642281 LR 2.93e-04
Train Epoch: 1 [80640/81276 (99%)]	Loss: 6.457652 LR 2.93e-04
Train Epoch: 1 [81216/81276 (100%)]	Loss: 6.365669 LR 2.93e-04
Test set: Average loss: 6.49071252
Train Epoch: 2 [0/81276 (0%)]	Loss: 6.543022 LR 2.93e-04
Train Epoch: 2 [640/81276 (1%)]	Loss: 6.491714 LR 2.93e-04
Train Epoch: 2 [1280/81276 (2%)]	Loss: 6.693095 LR 2.92e-04
Train Epoch: 2 [1920/81276 (2%)]	Loss: 6.458303 LR 2.92e-04
Train Epoch: 2 [2560/81276 (3%)]	Loss: 6.300022 LR 2.92e-04
Train Epoch: 2 [3200/81276 (4%)]	Loss: 6.280359 LR 2.92e-04
Train Epoch: 2 [3840/81276 (5%)]	Loss: 6.360367 LR 2.92e-04
Train Epoch: 2 [4480/81276 (6%)]	Loss: 6.365736 LR 2.92e-04
Train Epoch: 2 [5120/81276 (6%)]	Loss: 6.435572 LR 2.92e-04
Train Epoch: 2 [5760/81276 (7%)]	Loss: 6.529369 LR 2.92e-04
Train Epoch: 2 [6400/81276 (8%)]	Loss: 6.699418 LR 2.91e-04
Train Epoch: 2 [7040/81276 (9%)]	Loss: 6.518878 LR 2.91e-04
Train Epoch: 2 [7680/81276 (9%)]	Loss: 6.714515 LR 2.91e-04
Train Epoch: 2 [8320/81276 (10%)]	Loss: 6.645291 LR 2.91e-04
Train Epoch: 2 [8960/81276 (11%)]	Loss: 6.712212 LR 2.91e-04
Train Epoch: 2 [9600/81276 (12%)]	Loss: 6.501134 LR 2.91e-04
Train Epoch: 2 [10240/81276 (13%)]	Loss: 6.483040 LR 2.91e-04
Train Epoch: 2 [10880/81276 (13%)]	Loss: 6.474794 LR 2.91e-04
Train Epoch: 2 [11520/81276 (14%)]	Loss: 6.535404 LR 2.90e-04
Train Epoch: 2 [12160/81276 (15%)]	Loss: 6.536579 LR 2.90e-04
Train Epoch: 2 [12800/81276 (16%)]	Loss: 6.609009 LR 2.90e-04
Train Epoch: 2 [13440/81276 (17%)]	Loss: 6.375104 LR 2.90e-04
Train Epoch: 2 [14080/81276 (17%)]	Loss: 6.620039 LR 2.90e-04
Train Epoch: 2 [14720/81276 (18%)]	Loss: 6.742347 LR 2.90e-04
Train Epoch: 2 [15360/81276 (19%)]	Loss: 6.843537 LR 2.90e-04
Train Epoch: 2 [16000/81276 (20%)]	Loss: 6.602018 LR 2.90e-04
Train Epoch: 2 [16640/81276 (20%)]	Loss: 6.445652 LR 2.89e-04
Train Epoch: 2 [17280/81276 (21%)]	Loss: 6.885520 LR 2.89e-04
Train Epoch: 2 [17920/81276 (22%)]	Loss: 6.607743 LR 2.89e-04
Train Epoch: 2 [18560/81276 (23%)]	Loss: 6.391455 LR 2.89e-04
Train Epoch: 2 [19200/81276 (24%)]	Loss: 6.452050 LR 2.89e-04
Train Epoch: 2 [19840/81276 (24%)]	Loss: 6.634511 LR 2.89e-04
Train Epoch: 2 [20480/81276 (25%)]	Loss: 6.576474 LR 2.89e-04
Train Epoch: 2 [21120/81276 (26%)]	Loss: 6.599034 LR 2.88e-04
Train Epoch: 2 [21760/81276 (27%)]	Loss: 6.606688 LR 2.88e-04
Train Epoch: 2 [22400/81276 (28%)]	Loss: 6.486718 LR 2.88e-04
Train Epoch: 2 [23040/81276 (28%)]	Loss: 6.761769 LR 2.88e-04
Train Epoch: 2 [23680/81276 (29%)]	Loss: 6.502493 LR 2.88e-04
Train Epoch: 2 [24320/81276 (30%)]	Loss: 6.684052 LR 2.88e-04
Train Epoch: 2 [24960/81276 (31%)]	Loss: 6.355289 LR 2.88e-04
Train Epoch: 2 [25600/81276 (32%)]	Loss: 6.530513 LR 2.87e-04
Train Epoch: 2 [26240/81276 (32%)]	Loss: 6.678600 LR 2.87e-04
Train Epoch: 2 [26880/81276 (33%)]	Loss: 6.332119 LR 2.87e-04
Train Epoch: 2 [27520/81276 (34%)]	Loss: 6.674008 LR 2.87e-04
Train Epoch: 2 [28160/81276 (35%)]	Loss: 6.628960 LR 2.87e-04
Train Epoch: 2 [28800/81276 (35%)]	Loss: 6.473329 LR 2.87e-04
Train Epoch: 2 [29440/81276 (36%)]	Loss: 6.664315 LR 2.86e-04
Train Epoch: 2 [30080/81276 (37%)]	Loss: 6.552262 LR 2.86e-04
Train Epoch: 2 [30720/81276 (38%)]	Loss: 6.534598 LR 2.86e-04
Train Epoch: 2 [31360/81276 (39%)]	Loss: 6.504247 LR 2.86e-04
Train Epoch: 2 [32000/81276 (39%)]	Loss: 6.598012 LR 2.86e-04
Train Epoch: 2 [32640/81276 (40%)]	Loss: 6.821918 LR 2.86e-04
Train Epoch: 2 [33280/81276 (41%)]	Loss: 6.712315 LR 2.86e-04
Train Epoch: 2 [33920/81276 (42%)]	Loss: 6.690010 LR 2.85e-04
Train Epoch: 2 [34560/81276 (43%)]	Loss: 6.691227 LR 2.85e-04
Train Epoch: 2 [35200/81276 (43%)]	Loss: 7.044068 LR 2.85e-04
Train Epoch: 2 [35840/81276 (44%)]	Loss: 6.617412 LR 2.85e-04
Train Epoch: 2 [36480/81276 (45%)]	Loss: 6.643431 LR 2.85e-04
Train Epoch: 2 [37120/81276 (46%)]	Loss: 6.319325 LR 2.85e-04
Train Epoch: 2 [37760/81276 (46%)]	Loss: 6.483939 LR 2.84e-04
Train Epoch: 2 [38400/81276 (47%)]	Loss: 6.453140 LR 2.84e-04
Train Epoch: 2 [39040/81276 (48%)]	Loss: 6.668499 LR 2.84e-04
Train Epoch: 2 [39680/81276 (49%)]	Loss: 6.392104 LR 2.84e-04
Train Epoch: 2 [40320/81276 (50%)]	Loss: 6.667915 LR 2.84e-04
Train Epoch: 2 [40960/81276 (50%)]	Loss: 6.587345 LR 2.84e-04
Train Epoch: 2 [41600/81276 (51%)]	Loss: 6.621473 LR 2.83e-04
Train Epoch: 2 [42240/81276 (52%)]	Loss: 6.584252 LR 2.83e-04
Train Epoch: 2 [42880/81276 (53%)]	Loss: 6.374122 LR 2.83e-04
Train Epoch: 2 [43520/81276 (54%)]	Loss: 6.532578 LR 2.83e-04
Train Epoch: 2 [44160/81276 (54%)]	Loss: 6.516043 LR 2.83e-04
Train Epoch: 2 [44800/81276 (55%)]	Loss: 6.596101 LR 2.83e-04
Train Epoch: 2 [45440/81276 (56%)]	Loss: 6.679126 LR 2.82e-04
Train Epoch: 2 [46080/81276 (57%)]	Loss: 6.728743 LR 2.82e-04
Train Epoch: 2 [46720/81276 (58%)]	Loss: 6.725028 LR 2.82e-04
Train Epoch: 2 [47360/81276 (58%)]	Loss: 6.441952 LR 2.82e-04
Train Epoch: 2 [48000/81276 (59%)]	Loss: 6.693986 LR 2.82e-04
Train Epoch: 2 [48640/81276 (60%)]	Loss: 6.441275 LR 2.81e-04
Train Epoch: 2 [49280/81276 (61%)]	Loss: 6.506226 LR 2.81e-04
Train Epoch: 2 [49920/81276 (61%)]	Loss: 6.639718 LR 2.81e-04
Train Epoch: 2 [50560/81276 (62%)]	Loss: 6.629287 LR 2.81e-04
Train Epoch: 2 [51200/81276 (63%)]	Loss: 6.462811 LR 2.81e-04
Train Epoch: 2 [51840/81276 (64%)]	Loss: 6.679029 LR 2.81e-04
Train Epoch: 2 [52480/81276 (65%)]	Loss: 6.456905 LR 2.80e-04
Train Epoch: 2 [53120/81276 (65%)]	Loss: 6.438029 LR 2.80e-04
Train Epoch: 2 [53760/81276 (66%)]	Loss: 6.720168 LR 2.80e-04
Train Epoch: 2 [54400/81276 (67%)]	Loss: 6.593763 LR 2.80e-04
Train Epoch: 2 [55040/81276 (68%)]	Loss: 6.615829 LR 2.80e-04
Train Epoch: 2 [55680/81276 (69%)]	Loss: 6.668197 LR 2.79e-04
Train Epoch: 2 [56320/81276 (69%)]	Loss: 6.639793 LR 2.79e-04
Train Epoch: 2 [56960/81276 (70%)]	Loss: 6.673849 LR 2.79e-04
Train Epoch: 2 [57600/81276 (71%)]	Loss: 6.522616 LR 2.79e-04
Train Epoch: 2 [58240/81276 (72%)]	Loss: 6.806418 LR 2.79e-04
Train Epoch: 2 [58880/81276 (72%)]	Loss: 6.778878 LR 2.78e-04
Train Epoch: 2 [59520/81276 (73%)]	Loss: 6.419282 LR 2.78e-04
Train Epoch: 2 [60160/81276 (74%)]	Loss: 6.607036 LR 2.78e-04
Train Epoch: 2 [60800/81276 (75%)]	Loss: 6.581194 LR 2.78e-04
Train Epoch: 2 [61440/81276 (76%)]	Loss: 6.618354 LR 2.78e-04
Train Epoch: 2 [62080/81276 (76%)]	Loss: 6.503271 LR 2.78e-04
Train Epoch: 2 [62720/81276 (77%)]	Loss: 6.607600 LR 2.77e-04
Train Epoch: 2 [63360/81276 (78%)]	Loss: 6.721145 LR 2.77e-04
Train Epoch: 2 [64000/81276 (79%)]	Loss: 6.606358 LR 2.77e-04
Train Epoch: 2 [64640/81276 (80%)]	Loss: 6.620199 LR 2.77e-04
Train Epoch: 2 [65280/81276 (80%)]	Loss: 6.676240 LR 2.77e-04
Train Epoch: 2 [65920/81276 (81%)]	Loss: 6.470798 LR 2.76e-04
Train Epoch: 2 [66560/81276 (82%)]	Loss: 6.770293 LR 2.76e-04
Train Epoch: 2 [67200/81276 (83%)]	Loss: 6.574057 LR 2.76e-04
Train Epoch: 2 [67840/81276 (84%)]	Loss: 6.451322 LR 2.76e-04
Train Epoch: 2 [68480/81276 (84%)]	Loss: 6.652695 LR 2.76e-04
Train Epoch: 2 [69120/81276 (85%)]	Loss: 6.669367 LR 2.75e-04
Train Epoch: 2 [69760/81276 (86%)]	Loss: 6.707395 LR 2.75e-04
Train Epoch: 2 [70400/81276 (87%)]	Loss: 6.732004 LR 2.75e-04
Train Epoch: 2 [71040/81276 (87%)]	Loss: 6.875700 LR 2.75e-04
Train Epoch: 2 [71680/81276 (88%)]	Loss: 6.673594 LR 2.75e-04
Train Epoch: 2 [72320/81276 (89%)]	Loss: 6.613618 LR 2.74e-04
Train Epoch: 2 [72960/81276 (90%)]	Loss: 6.633799 LR 2.74e-04
Train Epoch: 2 [73600/81276 (91%)]	Loss: 6.518822 LR 2.74e-04
Train Epoch: 2 [74240/81276 (91%)]	Loss: 6.758907 LR 2.74e-04
Train Epoch: 2 [74880/81276 (92%)]	Loss: 6.881845 LR 2.73e-04
Train Epoch: 2 [75520/81276 (93%)]	Loss: 6.637353 LR 2.73e-04
Train Epoch: 2 [76160/81276 (94%)]	Loss: 6.635424 LR 2.73e-04
Train Epoch: 2 [76800/81276 (95%)]	Loss: 6.748154 LR 2.73e-04
Train Epoch: 2 [77440/81276 (95%)]	Loss: 6.651526 LR 2.73e-04
Train Epoch: 2 [78080/81276 (96%)]	Loss: 6.637575 LR 2.72e-04
Train Epoch: 2 [78720/81276 (97%)]	Loss: 6.744366 LR 2.72e-04
Train Epoch: 2 [79360/81276 (98%)]	Loss: 6.887867 LR 2.72e-04
Train Epoch: 2 [80000/81276 (99%)]	Loss: 6.833271 LR 2.72e-04
Train Epoch: 2 [80640/81276 (99%)]	Loss: 6.704185 LR 2.72e-04
Train Epoch: 2 [81216/81276 (100%)]	Loss: 6.578428 LR 2.71e-04
Test set: Average loss: 6.70971722
Train Epoch: 3 [0/81276 (0%)]	Loss: 6.739711 LR 2.71e-04
Train Epoch: 3 [640/81276 (1%)]	Loss: 6.708893 LR 2.71e-04
Train Epoch: 3 [1280/81276 (2%)]	Loss: 6.899376 LR 2.71e-04
Train Epoch: 3 [1920/81276 (2%)]	Loss: 6.645012 LR 2.71e-04
Train Epoch: 3 [2560/81276 (3%)]	Loss: 6.498259 LR 2.70e-04
Train Epoch: 3 [3200/81276 (4%)]	Loss: 6.494275 LR 2.70e-04
Train Epoch: 3 [3840/81276 (5%)]	Loss: 6.587398 LR 2.70e-04
Train Epoch: 3 [4480/81276 (6%)]	Loss: 6.546344 LR 2.70e-04
Train Epoch: 3 [5120/81276 (6%)]	Loss: 6.613367 LR 2.70e-04
Train Epoch: 3 [5760/81276 (7%)]	Loss: 6.719457 LR 2.69e-04
Train Epoch: 3 [6400/81276 (8%)]	Loss: 6.865149 LR 2.69e-04
Train Epoch: 3 [7040/81276 (9%)]	Loss: 6.690202 LR 2.69e-04
Train Epoch: 3 [7680/81276 (9%)]	Loss: 6.905063 LR 2.69e-04
Train Epoch: 3 [8320/81276 (10%)]	Loss: 6.785131 LR 2.68e-04
Train Epoch: 3 [8960/81276 (11%)]	Loss: 6.829580 LR 2.68e-04
Train Epoch: 3 [9600/81276 (12%)]	Loss: 6.713954 LR 2.68e-04
Train Epoch: 3 [10240/81276 (13%)]	Loss: 6.637392 LR 2.68e-04
Train Epoch: 3 [10880/81276 (13%)]	Loss: 6.603592 LR 2.68e-04
Train Epoch: 3 [11520/81276 (14%)]	Loss: 6.685155 LR 2.67e-04
Train Epoch: 3 [12160/81276 (15%)]	Loss: 6.689777 LR 2.67e-04
Train Epoch: 3 [12800/81276 (16%)]	Loss: 6.722648 LR 2.67e-04
Train Epoch: 3 [13440/81276 (17%)]	Loss: 6.552321 LR 2.67e-04
Train Epoch: 3 [14080/81276 (17%)]	Loss: 6.763138 LR 2.66e-04
Train Epoch: 3 [14720/81276 (18%)]	Loss: 6.867815 LR 2.66e-04
Train Epoch: 3 [15360/81276 (19%)]	Loss: 6.958092 LR 2.66e-04
Train Epoch: 3 [16000/81276 (20%)]	Loss: 6.739180 LR 2.66e-04
Train Epoch: 3 [16640/81276 (20%)]	Loss: 6.578647 LR 2.65e-04
Train Epoch: 3 [17280/81276 (21%)]	Loss: 6.985843 LR 2.65e-04
Train Epoch: 3 [17920/81276 (22%)]	Loss: 6.743818 LR 2.65e-04
Train Epoch: 3 [18560/81276 (23%)]	Loss: 6.513915 LR 2.65e-04
Train Epoch: 3 [19200/81276 (24%)]	Loss: 6.564226 LR 2.64e-04
Train Epoch: 3 [19840/81276 (24%)]	Loss: 6.743362 LR 2.64e-04
Train Epoch: 3 [20480/81276 (25%)]	Loss: 6.685235 LR 2.64e-04
Train Epoch: 3 [21120/81276 (26%)]	Loss: 6.696833 LR 2.64e-04
Train Epoch: 3 [21760/81276 (27%)]	Loss: 6.715864 LR 2.63e-04
Train Epoch: 3 [22400/81276 (28%)]	Loss: 6.602966 LR 2.63e-04
Train Epoch: 3 [23040/81276 (28%)]	Loss: 6.872802 LR 2.63e-04
Train Epoch: 3 [23680/81276 (29%)]	Loss: 6.612855 LR 2.63e-04
Train Epoch: 3 [24320/81276 (30%)]	Loss: 6.792782 LR 2.63e-04
Train Epoch: 3 [24960/81276 (31%)]	Loss: 6.427361 LR 2.62e-04
Train Epoch: 3 [25600/81276 (32%)]	Loss: 6.597984 LR 2.62e-04
Train Epoch: 3 [26240/81276 (32%)]	Loss: 6.732072 LR 2.62e-04
Train Epoch: 3 [26880/81276 (33%)]	Loss: 6.448987 LR 2.62e-04
Train Epoch: 3 [27520/81276 (34%)]	Loss: 6.753004 LR 2.61e-04
Train Epoch: 3 [28160/81276 (35%)]	Loss: 6.680912 LR 2.61e-04
Train Epoch: 3 [28800/81276 (35%)]	Loss: 6.529308 LR 2.61e-04
Train Epoch: 3 [29440/81276 (36%)]	Loss: 6.720438 LR 2.61e-04
Train Epoch: 3 [30080/81276 (37%)]	Loss: 6.643569 LR 2.60e-04
Train Epoch: 3 [30720/81276 (38%)]	Loss: 6.621726 LR 2.60e-04
Train Epoch: 3 [31360/81276 (39%)]	Loss: 6.573887 LR 2.60e-04
Train Epoch: 3 [32000/81276 (39%)]	Loss: 6.656836 LR 2.60e-04
Train Epoch: 3 [32640/81276 (40%)]	Loss: 6.887776 LR 2.59e-04
Train Epoch: 3 [33280/81276 (41%)]	Loss: 6.743553 LR 2.59e-04
Train Epoch: 3 [33920/81276 (42%)]	Loss: 6.725245 LR 2.59e-04
Train Epoch: 3 [34560/81276 (43%)]	Loss: 6.717257 LR 2.58e-04
Train Epoch: 3 [35200/81276 (43%)]	Loss: 7.057163 LR 2.58e-04
Train Epoch: 3 [35840/81276 (44%)]	Loss: 6.700109 LR 2.58e-04
Train Epoch: 3 [36480/81276 (45%)]	Loss: 6.750742 LR 2.58e-04
Train Epoch: 3 [37120/81276 (46%)]	Loss: 6.429873 LR 2.57e-04
Train Epoch: 3 [37760/81276 (46%)]	Loss: 6.573675 LR 2.57e-04
Train Epoch: 3 [38400/81276 (47%)]	Loss: 6.542155 LR 2.57e-04
Train Epoch: 3 [39040/81276 (48%)]	Loss: 6.713573 LR 2.57e-04
Train Epoch: 3 [39680/81276 (49%)]	Loss: 6.446957 LR 2.56e-04
Train Epoch: 3 [40320/81276 (50%)]	Loss: 6.747868 LR 2.56e-04
Train Epoch: 3 [40960/81276 (50%)]	Loss: 6.667758 LR 2.56e-04
Train Epoch: 3 [41600/81276 (51%)]	Loss: 6.721664 LR 2.56e-04
Train Epoch: 3 [42240/81276 (52%)]	Loss: 6.681624 LR 2.55e-04
Train Epoch: 3 [42880/81276 (53%)]	Loss: 6.500715 LR 2.55e-04
Train Epoch: 3 [43520/81276 (54%)]	Loss: 6.604787 LR 2.55e-04
Train Epoch: 3 [44160/81276 (54%)]	Loss: 6.590286 LR 2.55e-04
Train Epoch: 3 [44800/81276 (55%)]	Loss: 6.643762 LR 2.54e-04
Train Epoch: 3 [45440/81276 (56%)]	Loss: 6.738451 LR 2.54e-04
Train Epoch: 3 [46080/81276 (57%)]	Loss: 6.752088 LR 2.54e-04
Train Epoch: 3 [46720/81276 (58%)]	Loss: 6.785427 LR 2.54e-04
Train Epoch: 3 [47360/81276 (58%)]	Loss: 6.483546 LR 2.53e-04
Train Epoch: 3 [48000/81276 (59%)]	Loss: 6.727434 LR 2.53e-04
Train Epoch: 3 [48640/81276 (60%)]	Loss: 6.500102 LR 2.53e-04
Train Epoch: 3 [49280/81276 (61%)]	Loss: 6.518299 LR 2.52e-04
Train Epoch: 3 [49920/81276 (61%)]	Loss: 6.699345 LR 2.52e-04
Train Epoch: 3 [50560/81276 (62%)]	Loss: 6.652797 LR 2.52e-04
Train Epoch: 3 [51200/81276 (63%)]	Loss: 6.495314 LR 2.52e-04
Train Epoch: 3 [51840/81276 (64%)]	Loss: 6.707888 LR 2.51e-04
Train Epoch: 3 [52480/81276 (65%)]	Loss: 6.514595 LR 2.51e-04
Train Epoch: 3 [53120/81276 (65%)]	Loss: 6.442720 LR 2.51e-04
Train Epoch: 3 [53760/81276 (66%)]	Loss: 6.742759 LR 2.51e-04
Train Epoch: 3 [54400/81276 (67%)]	Loss: 6.614507 LR 2.50e-04
Train Epoch: 3 [55040/81276 (68%)]	Loss: 6.609575 LR 2.50e-04
Train Epoch: 3 [55680/81276 (69%)]	Loss: 6.717540 LR 2.50e-04
Train Epoch: 3 [56320/81276 (69%)]	Loss: 6.678650 LR 2.49e-04
Train Epoch: 3 [56960/81276 (70%)]	Loss: 6.686690 LR 2.49e-04
Train Epoch: 3 [57600/81276 (71%)]	Loss: 6.600029 LR 2.49e-04
Train Epoch: 3 [58240/81276 (72%)]	Loss: 6.837318 LR 2.49e-04
Train Epoch: 3 [58880/81276 (72%)]	Loss: 6.799427 LR 2.48e-04
Train Epoch: 3 [59520/81276 (73%)]	Loss: 6.464475 LR 2.48e-04
Train Epoch: 3 [60160/81276 (74%)]	Loss: 6.668954 LR 2.48e-04
Train Epoch: 3 [60800/81276 (75%)]	Loss: 6.665328 LR 2.47e-04
Train Epoch: 3 [61440/81276 (76%)]	Loss: 6.661647 LR 2.47e-04
Train Epoch: 3 [62080/81276 (76%)]	Loss: 6.540107 LR 2.47e-04
Train Epoch: 3 [62720/81276 (77%)]	Loss: 6.645638 LR 2.47e-04
Train Epoch: 3 [63360/81276 (78%)]	Loss: 6.797771 LR 2.46e-04
Train Epoch: 3 [64000/81276 (79%)]	Loss: 6.666945 LR 2.46e-04
Train Epoch: 3 [64640/81276 (80%)]	Loss: 6.637364 LR 2.46e-04
Train Epoch: 3 [65280/81276 (80%)]	Loss: 6.683339 LR 2.45e-04
Train Epoch: 3 [65920/81276 (81%)]	Loss: 6.485746 LR 2.45e-04
Train Epoch: 3 [66560/81276 (82%)]	Loss: 6.790699 LR 2.45e-04
Train Epoch: 3 [67200/81276 (83%)]	Loss: 6.550919 LR 2.45e-04
Train Epoch: 3 [67840/81276 (84%)]	Loss: 6.470343 LR 2.44e-04
Train Epoch: 3 [68480/81276 (84%)]	Loss: 6.675357 LR 2.44e-04
Train Epoch: 3 [69120/81276 (85%)]	Loss: 6.696212 LR 2.44e-04
Train Epoch: 3 [69760/81276 (86%)]	Loss: 6.692553 LR 2.43e-04
Train Epoch: 3 [70400/81276 (87%)]	Loss: 6.769447 LR 2.43e-04
Train Epoch: 3 [71040/81276 (87%)]	Loss: 6.878399 LR 2.43e-04
Train Epoch: 3 [71680/81276 (88%)]	Loss: 6.708411 LR 2.43e-04
Train Epoch: 3 [72320/81276 (89%)]	Loss: 6.620056 LR 2.42e-04
Train Epoch: 3 [72960/81276 (90%)]	Loss: 6.655155 LR 2.42e-04
Train Epoch: 3 [73600/81276 (91%)]	Loss: 6.561102 LR 2.42e-04
Train Epoch: 3 [74240/81276 (91%)]	Loss: 6.809283 LR 2.41e-04
Train Epoch: 3 [74880/81276 (92%)]	Loss: 6.909756 LR 2.41e-04
Train Epoch: 3 [75520/81276 (93%)]	Loss: 6.654831 LR 2.41e-04
Train Epoch: 3 [76160/81276 (94%)]	Loss: 6.676023 LR 2.40e-04
Train Epoch: 3 [76800/81276 (95%)]	Loss: 6.862927 LR 2.40e-04
Train Epoch: 3 [77440/81276 (95%)]	Loss: 6.750615 LR 2.40e-04
Train Epoch: 3 [78080/81276 (96%)]	Loss: 6.682982 LR 2.40e-04
Train Epoch: 3 [78720/81276 (97%)]	Loss: 6.788484 LR 2.39e-04
Train Epoch: 3 [79360/81276 (98%)]	Loss: 6.904944 LR 2.39e-04
Train Epoch: 3 [80000/81276 (99%)]	Loss: 6.844095 LR 2.39e-04
Train Epoch: 3 [80640/81276 (99%)]	Loss: 6.708187 LR 2.38e-04
Train Epoch: 3 [81216/81276 (100%)]	Loss: 6.571199 LR 2.38e-04
Test set: Average loss: 6.68737024
Train Epoch: 4 [0/81276 (0%)]	Loss: 6.736218 LR 2.38e-04
Train Epoch: 4 [640/81276 (1%)]	Loss: 6.672503 LR 2.38e-04
Train Epoch: 4 [1280/81276 (2%)]	Loss: 6.880307 LR 2.38e-04
Train Epoch: 4 [1920/81276 (2%)]	Loss: 6.645035 LR 2.37e-04
Train Epoch: 4 [2560/81276 (3%)]	Loss: 6.546581 LR 2.37e-04
Train Epoch: 4 [3200/81276 (4%)]	Loss: 6.532056 LR 2.37e-04
Train Epoch: 4 [3840/81276 (5%)]	Loss: 6.565940 LR 2.36e-04
Train Epoch: 4 [4480/81276 (6%)]	Loss: 6.584813 LR 2.36e-04
Train Epoch: 4 [5120/81276 (6%)]	Loss: 6.643372 LR 2.36e-04
Train Epoch: 4 [5760/81276 (7%)]	Loss: 6.730124 LR 2.35e-04
Train Epoch: 4 [6400/81276 (8%)]	Loss: 7.017943 LR 2.35e-04
Train Epoch: 4 [7040/81276 (9%)]	Loss: 6.810392 LR 2.35e-04
Train Epoch: 4 [7680/81276 (9%)]	Loss: 6.971048 LR 2.34e-04
Train Epoch: 4 [8320/81276 (10%)]	Loss: 6.796249 LR 2.34e-04
Train Epoch: 4 [8960/81276 (11%)]	Loss: 6.839936 LR 2.34e-04
Train Epoch: 4 [9600/81276 (12%)]	Loss: 6.692806 LR 2.34e-04
Train Epoch: 4 [10240/81276 (13%)]	Loss: 6.683966 LR 2.33e-04
Train Epoch: 4 [10880/81276 (13%)]	Loss: 6.726389 LR 2.33e-04
Train Epoch: 4 [11520/81276 (14%)]	Loss: 6.733670 LR 2.33e-04
Train Epoch: 4 [12160/81276 (15%)]	Loss: 6.704462 LR 2.32e-04
Train Epoch: 4 [12800/81276 (16%)]	Loss: 6.785586 LR 2.32e-04
Train Epoch: 4 [13440/81276 (17%)]	Loss: 6.579198 LR 2.32e-04
Train Epoch: 4 [14080/81276 (17%)]	Loss: 6.801664 LR 2.31e-04
Train Epoch: 4 [14720/81276 (18%)]	Loss: 6.885753 LR 2.31e-04
Train Epoch: 4 [15360/81276 (19%)]	Loss: 6.972115 LR 2.31e-04
Train Epoch: 4 [16000/81276 (20%)]	Loss: 6.767556 LR 2.30e-04
Train Epoch: 4 [16640/81276 (20%)]	Loss: 6.623195 LR 2.30e-04
Train Epoch: 4 [17280/81276 (21%)]	Loss: 7.016600 LR 2.30e-04
Train Epoch: 4 [17920/81276 (22%)]	Loss: 6.736972 LR 2.30e-04
Train Epoch: 4 [18560/81276 (23%)]	Loss: 6.546525 LR 2.29e-04
Train Epoch: 4 [19200/81276 (24%)]	Loss: 6.558092 LR 2.29e-04
Train Epoch: 4 [19840/81276 (24%)]	Loss: 6.758260 LR 2.29e-04
Train Epoch: 4 [20480/81276 (25%)]	Loss: 6.702643 LR 2.28e-04
Train Epoch: 4 [21120/81276 (26%)]	Loss: 6.703867 LR 2.28e-04
Train Epoch: 4 [21760/81276 (27%)]	Loss: 6.735104 LR 2.28e-04
Train Epoch: 4 [22400/81276 (28%)]	Loss: 6.617551 LR 2.27e-04
Train Epoch: 4 [23040/81276 (28%)]	Loss: 6.879153 LR 2.27e-04
Train Epoch: 4 [23680/81276 (29%)]	Loss: 6.619926 LR 2.27e-04
Train Epoch: 4 [24320/81276 (30%)]	Loss: 6.783184 LR 2.26e-04
Train Epoch: 4 [24960/81276 (31%)]	Loss: 6.477905 LR 2.26e-04
Train Epoch: 4 [25600/81276 (32%)]	Loss: 6.613272 LR 2.26e-04
Train Epoch: 4 [26240/81276 (32%)]	Loss: 6.759473 LR 2.25e-04
Train Epoch: 4 [26880/81276 (33%)]	Loss: 6.470773 LR 2.25e-04
Train Epoch: 4 [27520/81276 (34%)]	Loss: 6.758679 LR 2.25e-04
Train Epoch: 4 [28160/81276 (35%)]	Loss: 6.759772 LR 2.24e-04
Train Epoch: 4 [28800/81276 (35%)]	Loss: 6.610431 LR 2.24e-04
Train Epoch: 4 [29440/81276 (36%)]	Loss: 6.729721 LR 2.24e-04
Train Epoch: 4 [30080/81276 (37%)]	Loss: 6.677028 LR 2.23e-04
Train Epoch: 4 [30720/81276 (38%)]	Loss: 6.645699 LR 2.23e-04
Train Epoch: 4 [31360/81276 (39%)]	Loss: 6.605706 LR 2.23e-04
Train Epoch: 4 [32000/81276 (39%)]	Loss: 6.706447 LR 2.22e-04
Train Epoch: 4 [32640/81276 (40%)]	Loss: 6.962770 LR 2.22e-04
Train Epoch: 4 [33280/81276 (41%)]	Loss: 6.796817 LR 2.22e-04
Train Epoch: 4 [33920/81276 (42%)]	Loss: 6.784034 LR 2.22e-04
Train Epoch: 4 [34560/81276 (43%)]	Loss: 6.755018 LR 2.21e-04
Train Epoch: 4 [35200/81276 (43%)]	Loss: 7.177400 LR 2.21e-04
Train Epoch: 4 [35840/81276 (44%)]	Loss: 6.808316 LR 2.21e-04
Train Epoch: 4 [36480/81276 (45%)]	Loss: 6.825757 LR 2.20e-04
Train Epoch: 4 [37120/81276 (46%)]	Loss: 6.533363 LR 2.20e-04
Train Epoch: 4 [37760/81276 (46%)]	Loss: 6.679125 LR 2.20e-04
Train Epoch: 4 [38400/81276 (47%)]	Loss: 6.655540 LR 2.19e-04
Train Epoch: 4 [39040/81276 (48%)]	Loss: 6.828838 LR 2.19e-04
Train Epoch: 4 [39680/81276 (49%)]	Loss: 6.504346 LR 2.19e-04
Train Epoch: 4 [40320/81276 (50%)]	Loss: 6.756989 LR 2.18e-04
Train Epoch: 4 [40960/81276 (50%)]	Loss: 6.672543 LR 2.18e-04
Train Epoch: 4 [41600/81276 (51%)]	Loss: 6.747925 LR 2.18e-04
Train Epoch: 4 [42240/81276 (52%)]	Loss: 6.690207 LR 2.17e-04
Train Epoch: 4 [42880/81276 (53%)]	Loss: 6.518252 LR 2.17e-04
Train Epoch: 4 [43520/81276 (54%)]	Loss: 6.663735 LR 2.17e-04
Train Epoch: 4 [44160/81276 (54%)]	Loss: 6.623883 LR 2.16e-04
Train Epoch: 4 [44800/81276 (55%)]	Loss: 6.695400 LR 2.16e-04
Train Epoch: 4 [45440/81276 (56%)]	Loss: 6.826501 LR 2.16e-04
Train Epoch: 4 [46080/81276 (57%)]	Loss: 6.795976 LR 2.15e-04
Train Epoch: 4 [46720/81276 (58%)]	Loss: 6.837955 LR 2.15e-04
Train Epoch: 4 [47360/81276 (58%)]	Loss: 6.555205 LR 2.15e-04
Train Epoch: 4 [48000/81276 (59%)]	Loss: 6.749808 LR 2.14e-04
Train Epoch: 4 [48640/81276 (60%)]	Loss: 6.572369 LR 2.14e-04
Train Epoch: 4 [49280/81276 (61%)]	Loss: 6.582434 LR 2.14e-04
Train Epoch: 4 [49920/81276 (61%)]	Loss: 6.790301 LR 2.13e-04
Train Epoch: 4 [50560/81276 (62%)]	Loss: 6.767997 LR 2.13e-04
Train Epoch: 4 [51200/81276 (63%)]	Loss: 6.608203 LR 2.13e-04
Train Epoch: 4 [51840/81276 (64%)]	Loss: 6.809711 LR 2.12e-04
Train Epoch: 4 [52480/81276 (65%)]	Loss: 6.600662 LR 2.12e-04
Train Epoch: 4 [53120/81276 (65%)]	Loss: 6.566957 LR 2.12e-04
Train Epoch: 4 [53760/81276 (66%)]	Loss: 6.795835 LR 2.11e-04
Train Epoch: 4 [54400/81276 (67%)]	Loss: 6.693553 LR 2.11e-04
Train Epoch: 4 [55040/81276 (68%)]	Loss: 6.687096 LR 2.11e-04
Train Epoch: 4 [55680/81276 (69%)]	Loss: 6.800656 LR 2.10e-04
Train Epoch: 4 [56320/81276 (69%)]	Loss: 6.771009 LR 2.10e-04
Train Epoch: 4 [56960/81276 (70%)]	Loss: 6.783710 LR 2.09e-04
Train Epoch: 4 [57600/81276 (71%)]	Loss: 6.646354 LR 2.09e-04
Train Epoch: 4 [58240/81276 (72%)]	Loss: 6.933398 LR 2.09e-04
Train Epoch: 4 [58880/81276 (72%)]	Loss: 6.880848 LR 2.08e-04
Train Epoch: 4 [59520/81276 (73%)]	Loss: 6.579314 LR 2.08e-04
Train Epoch: 4 [60160/81276 (74%)]	Loss: 6.748911 LR 2.08e-04
Train Epoch: 4 [60800/81276 (75%)]	Loss: 6.728612 LR 2.07e-04
Train Epoch: 4 [61440/81276 (76%)]	Loss: 6.758454 LR 2.07e-04
Train Epoch: 4 [62080/81276 (76%)]	Loss: 6.658056 LR 2.07e-04
Train Epoch: 4 [62720/81276 (77%)]	Loss: 6.723650 LR 2.06e-04
Train Epoch: 4 [63360/81276 (78%)]	Loss: 6.833885 LR 2.06e-04
Train Epoch: 4 [64000/81276 (79%)]	Loss: 6.765186 LR 2.06e-04
Train Epoch: 4 [64640/81276 (80%)]	Loss: 6.719850 LR 2.05e-04
Train Epoch: 4 [65280/81276 (80%)]	Loss: 6.807380 LR 2.05e-04
Train Epoch: 4 [65920/81276 (81%)]	Loss: 6.588306 LR 2.05e-04
Train Epoch: 4 [66560/81276 (82%)]	Loss: 6.873766 LR 2.04e-04
Train Epoch: 4 [67200/81276 (83%)]	Loss: 6.680171 LR 2.04e-04
Train Epoch: 4 [67840/81276 (84%)]	Loss: 6.591424 LR 2.04e-04
Train Epoch: 4 [68480/81276 (84%)]	Loss: 6.770814 LR 2.03e-04
Train Epoch: 4 [69120/81276 (85%)]	Loss: 6.760620 LR 2.03e-04
Train Epoch: 4 [69760/81276 (86%)]	Loss: 6.775144 LR 2.03e-04
Train Epoch: 4 [70400/81276 (87%)]	Loss: 6.806616 LR 2.02e-04
Train Epoch: 4 [71040/81276 (87%)]	Loss: 6.958817 LR 2.02e-04
Train Epoch: 4 [71680/81276 (88%)]	Loss: 6.771240 LR 2.02e-04
Train Epoch: 4 [72320/81276 (89%)]	Loss: 6.689761 LR 2.01e-04
Train Epoch: 4 [72960/81276 (90%)]	Loss: 6.704395 LR 2.01e-04
Train Epoch: 4 [73600/81276 (91%)]	Loss: 6.589970 LR 2.00e-04
Train Epoch: 4 [74240/81276 (91%)]	Loss: 6.863755 LR 2.00e-04
Train Epoch: 4 [74880/81276 (92%)]	Loss: 6.938751 LR 2.00e-04
Train Epoch: 4 [75520/81276 (93%)]	Loss: 6.732006 LR 1.99e-04
Train Epoch: 4 [76160/81276 (94%)]	Loss: 6.726995 LR 1.99e-04
Train Epoch: 4 [76800/81276 (95%)]	Loss: 6.764249 LR 1.99e-04
Train Epoch: 4 [77440/81276 (95%)]	Loss: 6.694397 LR 1.98e-04
Train Epoch: 4 [78080/81276 (96%)]	Loss: 6.692511 LR 1.98e-04
Train Epoch: 4 [78720/81276 (97%)]	Loss: 6.773824 LR 1.98e-04
Train Epoch: 4 [79360/81276 (98%)]	Loss: 6.930161 LR 1.97e-04
Train Epoch: 4 [80000/81276 (99%)]	Loss: 6.889208 LR 1.97e-04
Train Epoch: 4 [80640/81276 (99%)]	Loss: 6.746349 LR 1.97e-04
Train Epoch: 4 [81216/81276 (100%)]	Loss: 6.617988 LR 1.96e-04
Test set: Average loss: 6.77135061
Train Epoch: 5 [0/81276 (0%)]	Loss: 6.799079 LR 1.96e-04
Train Epoch: 5 [640/81276 (1%)]	Loss: 6.748448 LR 1.96e-04
Train Epoch: 5 [1280/81276 (2%)]	Loss: 6.914976 LR 1.96e-04
Train Epoch: 5 [1920/81276 (2%)]	Loss: 6.706538 LR 1.95e-04
Train Epoch: 5 [2560/81276 (3%)]	Loss: 6.566812 LR 1.95e-04
Train Epoch: 5 [3200/81276 (4%)]	Loss: 6.555523 LR 1.95e-04
Train Epoch: 5 [3840/81276 (5%)]	Loss: 6.625745 LR 1.94e-04
Train Epoch: 5 [4480/81276 (6%)]	Loss: 6.630837 LR 1.94e-04
Train Epoch: 5 [5120/81276 (6%)]	Loss: 6.671449 LR 1.93e-04
Train Epoch: 5 [5760/81276 (7%)]	Loss: 6.765182 LR 1.93e-04
Train Epoch: 5 [6400/81276 (8%)]	Loss: 6.888731 LR 1.93e-04
Train Epoch: 5 [7040/81276 (9%)]	Loss: 6.754090 LR 1.92e-04
Train Epoch: 5 [7680/81276 (9%)]	Loss: 6.975268 LR 1.92e-04
Train Epoch: 5 [8320/81276 (10%)]	Loss: 6.844240 LR 1.92e-04
Train Epoch: 5 [8960/81276 (11%)]	Loss: 6.874450 LR 1.91e-04
Train Epoch: 5 [9600/81276 (12%)]	Loss: 6.770237 LR 1.91e-04
Train Epoch: 5 [10240/81276 (13%)]	Loss: 6.645360 LR 1.91e-04
Train Epoch: 5 [10880/81276 (13%)]	Loss: 6.646419 LR 1.90e-04
Train Epoch: 5 [11520/81276 (14%)]	Loss: 6.755124 LR 1.90e-04
Train Epoch: 5 [12160/81276 (15%)]	Loss: 6.690285 LR 1.90e-04
Train Epoch: 5 [12800/81276 (16%)]	Loss: 6.784943 LR 1.89e-04
Train Epoch: 5 [13440/81276 (17%)]	Loss: 6.544094 LR 1.89e-04
Train Epoch: 5 [14080/81276 (17%)]	Loss: 6.763880 LR 1.88e-04
Train Epoch: 5 [14720/81276 (18%)]	Loss: 6.874008 LR 1.88e-04
Train Epoch: 5 [15360/81276 (19%)]	Loss: 6.959786 LR 1.88e-04
Train Epoch: 5 [16000/81276 (20%)]	Loss: 6.765302 LR 1.87e-04
Train Epoch: 5 [16640/81276 (20%)]	Loss: 6.613550 LR 1.87e-04
Train Epoch: 5 [17280/81276 (21%)]	Loss: 7.043581 LR 1.87e-04
Train Epoch: 5 [17920/81276 (22%)]	Loss: 6.784946 LR 1.86e-04
Train Epoch: 5 [18560/81276 (23%)]	Loss: 6.554544 LR 1.86e-04
Train Epoch: 5 [19200/81276 (24%)]	Loss: 6.628967 LR 1.86e-04
Train Epoch: 5 [19840/81276 (24%)]	Loss: 6.804007 LR 1.85e-04
Train Epoch: 5 [20480/81276 (25%)]	Loss: 6.746400 LR 1.85e-04
Train Epoch: 5 [21120/81276 (26%)]	Loss: 6.726689 LR 1.85e-04
Train Epoch: 5 [21760/81276 (27%)]	Loss: 6.774407 LR 1.84e-04
Train Epoch: 5 [22400/81276 (28%)]	Loss: 6.677311 LR 1.84e-04
Train Epoch: 5 [23040/81276 (28%)]	Loss: 6.972136 LR 1.83e-04
Train Epoch: 5 [23680/81276 (29%)]	Loss: 6.673313 LR 1.83e-04
Train Epoch: 5 [24320/81276 (30%)]	Loss: 6.823995 LR 1.83e-04
Train Epoch: 5 [24960/81276 (31%)]	Loss: 6.525845 LR 1.82e-04
Train Epoch: 5 [25600/81276 (32%)]	Loss: 6.672869 LR 1.82e-04
Train Epoch: 5 [26240/81276 (32%)]	Loss: 6.786602 LR 1.82e-04
Train Epoch: 5 [26880/81276 (33%)]	Loss: 6.501410 LR 1.81e-04
Train Epoch: 5 [27520/81276 (34%)]	Loss: 6.783273 LR 1.81e-04
Train Epoch: 5 [28160/81276 (35%)]	Loss: 6.731931 LR 1.81e-04
Train Epoch: 5 [28800/81276 (35%)]	Loss: 6.599240 LR 1.80e-04
Train Epoch: 5 [29440/81276 (36%)]	Loss: 6.753586 LR 1.80e-04
Train Epoch: 5 [30080/81276 (37%)]	Loss: 6.673008 LR 1.79e-04
Train Epoch: 5 [30720/81276 (38%)]	Loss: 6.653377 LR 1.79e-04
Train Epoch: 5 [31360/81276 (39%)]	Loss: 6.634156 LR 1.79e-04
Train Epoch: 5 [32000/81276 (39%)]	Loss: 6.717544 LR 1.78e-04
Train Epoch: 5 [32640/81276 (40%)]	Loss: 6.935205 LR 1.78e-04
Train Epoch: 5 [33280/81276 (41%)]	Loss: 6.799854 LR 1.78e-04
Train Epoch: 5 [33920/81276 (42%)]	Loss: 6.777273 LR 1.77e-04
Train Epoch: 5 [34560/81276 (43%)]	Loss: 6.749123 LR 1.77e-04
Train Epoch: 5 [35200/81276 (43%)]	Loss: 7.096110 LR 1.77e-04
Train Epoch: 5 [35840/81276 (44%)]	Loss: 6.704058 LR 1.76e-04
Train Epoch: 5 [36480/81276 (45%)]	Loss: 6.743973 LR 1.76e-04
Train Epoch: 5 [37120/81276 (46%)]	Loss: 6.458683 LR 1.75e-04
Train Epoch: 5 [37760/81276 (46%)]	Loss: 6.584779 LR 1.75e-04
Train Epoch: 5 [38400/81276 (47%)]	Loss: 6.535051 LR 1.75e-04
Train Epoch: 5 [39040/81276 (48%)]	Loss: 6.706513 LR 1.74e-04
Train Epoch: 5 [39680/81276 (49%)]	Loss: 6.436594 LR 1.74e-04
Train Epoch: 5 [40320/81276 (50%)]	Loss: 6.707149 LR 1.74e-04
Train Epoch: 5 [40960/81276 (50%)]	Loss: 6.661634 LR 1.73e-04
Train Epoch: 5 [41600/81276 (51%)]	Loss: 6.697664 LR 1.73e-04
Train Epoch: 5 [42240/81276 (52%)]	Loss: 6.676682 LR 1.72e-04
Train Epoch: 5 [42880/81276 (53%)]	Loss: 6.482350 LR 1.72e-04
Train Epoch: 5 [43520/81276 (54%)]	Loss: 6.618881 LR 1.72e-04
Train Epoch: 5 [44160/81276 (54%)]	Loss: 6.588236 LR 1.71e-04
Train Epoch: 5 [44800/81276 (55%)]	Loss: 6.632197 LR 1.71e-04
Train Epoch: 5 [45440/81276 (56%)]	Loss: 6.748788 LR 1.71e-04
Train Epoch: 5 [46080/81276 (57%)]	Loss: 6.743276 LR 1.70e-04
Train Epoch: 5 [46720/81276 (58%)]	Loss: 6.794555 LR 1.70e-04
Train Epoch: 5 [47360/81276 (58%)]	Loss: 6.548870 LR 1.70e-04
Train Epoch: 5 [48000/81276 (59%)]	Loss: 6.723868 LR 1.69e-04
Train Epoch: 5 [48640/81276 (60%)]	Loss: 6.519760 LR 1.69e-04
Train Epoch: 5 [49280/81276 (61%)]	Loss: 6.547594 LR 1.68e-04
Train Epoch: 5 [49920/81276 (61%)]	Loss: 6.717656 LR 1.68e-04
Train Epoch: 5 [50560/81276 (62%)]	Loss: 6.668901 LR 1.68e-04
Train Epoch: 5 [51200/81276 (63%)]	Loss: 6.514982 LR 1.67e-04
Train Epoch: 5 [51840/81276 (64%)]	Loss: 6.750339 LR 1.67e-04
Train Epoch: 5 [52480/81276 (65%)]	Loss: 6.539272 LR 1.67e-04
Train Epoch: 5 [53120/81276 (65%)]	Loss: 6.420968 LR 1.66e-04
Train Epoch: 5 [53760/81276 (66%)]	Loss: 6.730432 LR 1.66e-04
Train Epoch: 5 [54400/81276 (67%)]	Loss: 6.606307 LR 1.65e-04
Train Epoch: 5 [55040/81276 (68%)]	Loss: 6.615019 LR 1.65e-04
Train Epoch: 5 [55680/81276 (69%)]	Loss: 6.703670 LR 1.65e-04
Train Epoch: 5 [56320/81276 (69%)]	Loss: 6.648852 LR 1.64e-04
Train Epoch: 5 [56960/81276 (70%)]	Loss: 6.705441 LR 1.64e-04
Train Epoch: 5 [57600/81276 (71%)]	Loss: 6.567932 LR 1.64e-04
Train Epoch: 5 [58240/81276 (72%)]	Loss: 6.861760 LR 1.63e-04
Train Epoch: 5 [58880/81276 (72%)]	Loss: 6.779988 LR 1.63e-04
Train Epoch: 5 [59520/81276 (73%)]	Loss: 6.498330 LR 1.63e-04
Train Epoch: 5 [60160/81276 (74%)]	Loss: 6.666821 LR 1.62e-04
Train Epoch: 5 [60800/81276 (75%)]	Loss: 6.607065 LR 1.62e-04
Train Epoch: 5 [61440/81276 (76%)]	Loss: 6.650430 LR 1.61e-04
Train Epoch: 5 [62080/81276 (76%)]	Loss: 6.551707 LR 1.61e-04
Train Epoch: 5 [62720/81276 (77%)]	Loss: 6.592114 LR 1.61e-04
Train Epoch: 5 [63360/81276 (78%)]	Loss: 6.711147 LR 1.60e-04
Train Epoch: 5 [64000/81276 (79%)]	Loss: 6.636868 LR 1.60e-04
Train Epoch: 5 [64640/81276 (80%)]	Loss: 6.625111 LR 1.60e-04
Train Epoch: 5 [65280/81276 (80%)]	Loss: 6.651304 LR 1.59e-04
Train Epoch: 5 [65920/81276 (81%)]	Loss: 6.466214 LR 1.59e-04
Train Epoch: 5 [66560/81276 (82%)]	Loss: 6.755846 LR 1.58e-04
Train Epoch: 5 [67200/81276 (83%)]	Loss: 6.547436 LR 1.58e-04
Train Epoch: 5 [67840/81276 (84%)]	Loss: 6.459078 LR 1.58e-04
Train Epoch: 5 [68480/81276 (84%)]	Loss: 6.634666 LR 1.57e-04
Train Epoch: 5 [69120/81276 (85%)]	Loss: 6.686859 LR 1.57e-04
Train Epoch: 5 [69760/81276 (86%)]	Loss: 6.720830 LR 1.57e-04
Train Epoch: 5 [70400/81276 (87%)]	Loss: 6.748474 LR 1.56e-04
Train Epoch: 5 [71040/81276 (87%)]	Loss: 6.850938 LR 1.56e-04
Train Epoch: 5 [71680/81276 (88%)]	Loss: 6.675155 LR 1.55e-04
Train Epoch: 5 [72320/81276 (89%)]	Loss: 6.590201 LR 1.55e-04
Train Epoch: 5 [72960/81276 (90%)]	Loss: 6.604188 LR 1.55e-04
Train Epoch: 5 [73600/81276 (91%)]	Loss: 6.467108 LR 1.54e-04
Train Epoch: 5 [74240/81276 (91%)]	Loss: 6.742800 LR 1.54e-04
Train Epoch: 5 [74880/81276 (92%)]	Loss: 6.821977 LR 1.54e-04
Train Epoch: 5 [75520/81276 (93%)]	Loss: 6.593035 LR 1.53e-04
Train Epoch: 5 [76160/81276 (94%)]	Loss: 6.589701 LR 1.53e-04
Train Epoch: 5 [76800/81276 (95%)]	Loss: 6.636312 LR 1.53e-04
Train Epoch: 5 [77440/81276 (95%)]	Loss: 6.586493 LR 1.52e-04
Train Epoch: 5 [78080/81276 (96%)]	Loss: 6.564163 LR 1.52e-04
Train Epoch: 5 [78720/81276 (97%)]	Loss: 6.666609 LR 1.51e-04
Train Epoch: 5 [79360/81276 (98%)]	Loss: 6.816989 LR 1.51e-04
Train Epoch: 5 [80000/81276 (99%)]	Loss: 6.773728 LR 1.51e-04
Train Epoch: 5 [80640/81276 (99%)]	Loss: 6.668884 LR 1.50e-04
Train Epoch: 5 [81216/81276 (100%)]	Loss: 6.540287 LR 1.50e-04
Test set: Average loss: 6.66747807
Train Epoch: 6 [0/81276 (0%)]	Loss: 6.694362 LR 1.50e-04
Train Epoch: 6 [640/81276 (1%)]	Loss: 6.667382 LR 1.50e-04
Train Epoch: 6 [1280/81276 (2%)]	Loss: 6.868308 LR 1.49e-04
Train Epoch: 6 [1920/81276 (2%)]	Loss: 6.680512 LR 1.49e-04
Train Epoch: 6 [2560/81276 (3%)]	Loss: 6.523382 LR 1.48e-04
Train Epoch: 6 [3200/81276 (4%)]	Loss: 6.523592 LR 1.48e-04
Train Epoch: 6 [3840/81276 (5%)]	Loss: 6.580821 LR 1.48e-04
Train Epoch: 6 [4480/81276 (6%)]	Loss: 6.596039 LR 1.47e-04
Train Epoch: 6 [5120/81276 (6%)]	Loss: 6.722526 LR 1.47e-04
Train Epoch: 6 [5760/81276 (7%)]	Loss: 6.816937 LR 1.47e-04
Train Epoch: 6 [6400/81276 (8%)]	Loss: 6.906212 LR 1.46e-04
Train Epoch: 6 [7040/81276 (9%)]	Loss: 6.758827 LR 1.46e-04
Train Epoch: 6 [7680/81276 (9%)]	Loss: 6.937376 LR 1.46e-04
Train Epoch: 6 [8320/81276 (10%)]	Loss: 6.803003 LR 1.45e-04
Train Epoch: 6 [8960/81276 (11%)]	Loss: 6.847820 LR 1.45e-04
Train Epoch: 6 [9600/81276 (12%)]	Loss: 6.716419 LR 1.44e-04
Train Epoch: 6 [10240/81276 (13%)]	Loss: 6.647568 LR 1.44e-04
Train Epoch: 6 [10880/81276 (13%)]	Loss: 6.637300 LR 1.44e-04
Train Epoch: 6 [11520/81276 (14%)]	Loss: 6.718912 LR 1.43e-04
Train Epoch: 6 [12160/81276 (15%)]	Loss: 6.630016 LR 1.43e-04
Train Epoch: 6 [12800/81276 (16%)]	Loss: 6.705963 LR 1.43e-04
Train Epoch: 6 [13440/81276 (17%)]	Loss: 6.470274 LR 1.42e-04
Train Epoch: 6 [14080/81276 (17%)]	Loss: 6.733439 LR 1.42e-04
Train Epoch: 6 [14720/81276 (18%)]	Loss: 6.834127 LR 1.41e-04
Train Epoch: 6 [15360/81276 (19%)]	Loss: 6.895229 LR 1.41e-04
Train Epoch: 6 [16000/81276 (20%)]	Loss: 6.724658 LR 1.41e-04
Train Epoch: 6 [16640/81276 (20%)]	Loss: 6.599877 LR 1.40e-04
Train Epoch: 6 [17280/81276 (21%)]	Loss: 6.940462 LR 1.40e-04
Train Epoch: 6 [17920/81276 (22%)]	Loss: 6.692322 LR 1.40e-04
Train Epoch: 6 [18560/81276 (23%)]	Loss: 6.477524 LR 1.39e-04
Train Epoch: 6 [19200/81276 (24%)]	Loss: 6.524101 LR 1.39e-04
Train Epoch: 6 [19840/81276 (24%)]	Loss: 6.709871 LR 1.38e-04
Train Epoch: 6 [20480/81276 (25%)]	Loss: 6.668901 LR 1.38e-04
Train Epoch: 6 [21120/81276 (26%)]	Loss: 6.691840 LR 1.38e-04
Train Epoch: 6 [21760/81276 (27%)]	Loss: 6.715734 LR 1.37e-04
Train Epoch: 6 [22400/81276 (28%)]	Loss: 6.575550 LR 1.37e-04
Train Epoch: 6 [23040/81276 (28%)]	Loss: 6.854125 LR 1.37e-04
Train Epoch: 6 [23680/81276 (29%)]	Loss: 6.598878 LR 1.36e-04
Train Epoch: 6 [24320/81276 (30%)]	Loss: 6.771552 LR 1.36e-04
Train Epoch: 6 [24960/81276 (31%)]	Loss: 6.429389 LR 1.36e-04
Train Epoch: 6 [25600/81276 (32%)]	Loss: 6.562443 LR 1.35e-04
Train Epoch: 6 [26240/81276 (32%)]	Loss: 6.668134 LR 1.35e-04
Train Epoch: 6 [26880/81276 (33%)]	Loss: 6.412015 LR 1.34e-04
Train Epoch: 6 [27520/81276 (34%)]	Loss: 6.669121 LR 1.34e-04
Train Epoch: 6 [28160/81276 (35%)]	Loss: 6.646752 LR 1.34e-04
Train Epoch: 6 [28800/81276 (35%)]	Loss: 6.503668 LR 1.33e-04
Train Epoch: 6 [29440/81276 (36%)]	Loss: 6.647016 LR 1.33e-04
Train Epoch: 6 [30080/81276 (37%)]	Loss: 6.578167 LR 1.33e-04
Train Epoch: 6 [30720/81276 (38%)]	Loss: 6.564594 LR 1.32e-04
Train Epoch: 6 [31360/81276 (39%)]	Loss: 6.568952 LR 1.32e-04
Train Epoch: 6 [32000/81276 (39%)]	Loss: 6.628893 LR 1.31e-04
Train Epoch: 6 [32640/81276 (40%)]	Loss: 6.838054 LR 1.31e-04
Train Epoch: 6 [33280/81276 (41%)]	Loss: 6.698833 LR 1.31e-04
Train Epoch: 6 [33920/81276 (42%)]	Loss: 6.683081 LR 1.30e-04
Train Epoch: 6 [34560/81276 (43%)]	Loss: 6.670417 LR 1.30e-04
Train Epoch: 6 [35200/81276 (43%)]	Loss: 7.028557 LR 1.30e-04
Train Epoch: 6 [35840/81276 (44%)]	Loss: 6.632257 LR 1.29e-04
Train Epoch: 6 [36480/81276 (45%)]	Loss: 6.688663 LR 1.29e-04
Train Epoch: 6 [37120/81276 (46%)]	Loss: 6.375448 LR 1.28e-04
Train Epoch: 6 [37760/81276 (46%)]	Loss: 6.499899 LR 1.28e-04
Train Epoch: 6 [38400/81276 (47%)]	Loss: 6.461191 LR 1.28e-04
Train Epoch: 6 [39040/81276 (48%)]	Loss: 6.670827 LR 1.27e-04
Train Epoch: 6 [39680/81276 (49%)]	Loss: 6.397450 LR 1.27e-04
Train Epoch: 6 [40320/81276 (50%)]	Loss: 6.672441 LR 1.27e-04
Train Epoch: 6 [40960/81276 (50%)]	Loss: 6.589314 LR 1.26e-04
Train Epoch: 6 [41600/81276 (51%)]	Loss: 6.630920 LR 1.26e-04
Train Epoch: 6 [42240/81276 (52%)]	Loss: 6.589034 LR 1.26e-04
Train Epoch: 6 [42880/81276 (53%)]	Loss: 6.392972 LR 1.25e-04
Train Epoch: 6 [43520/81276 (54%)]	Loss: 6.551279 LR 1.25e-04
Train Epoch: 6 [44160/81276 (54%)]	Loss: 6.532517 LR 1.24e-04
Train Epoch: 6 [44800/81276 (55%)]	Loss: 6.564034 LR 1.24e-04
Train Epoch: 6 [45440/81276 (56%)]	Loss: 6.705177 LR 1.24e-04
Train Epoch: 6 [46080/81276 (57%)]	Loss: 6.686770 LR 1.23e-04
Train Epoch: 6 [46720/81276 (58%)]	Loss: 6.726570 LR 1.23e-04
Train Epoch: 6 [47360/81276 (58%)]	Loss: 6.441048 LR 1.23e-04
Train Epoch: 6 [48000/81276 (59%)]	Loss: 6.682636 LR 1.22e-04
Train Epoch: 6 [48640/81276 (60%)]	Loss: 6.502830 LR 1.22e-04
Train Epoch: 6 [49280/81276 (61%)]	Loss: 6.518390 LR 1.22e-04
Train Epoch: 6 [49920/81276 (61%)]	Loss: 6.674520 LR 1.21e-04
Train Epoch: 6 [50560/81276 (62%)]	Loss: 6.633635 LR 1.21e-04
Train Epoch: 6 [51200/81276 (63%)]	Loss: 6.449440 LR 1.20e-04
Train Epoch: 6 [51840/81276 (64%)]	Loss: 6.725252 LR 1.20e-04
Train Epoch: 6 [52480/81276 (65%)]	Loss: 6.485798 LR 1.20e-04
Train Epoch: 6 [53120/81276 (65%)]	Loss: 6.440498 LR 1.19e-04
Train Epoch: 6 [53760/81276 (66%)]	Loss: 6.749794 LR 1.19e-04
Train Epoch: 6 [54400/81276 (67%)]	Loss: 6.618393 LR 1.19e-04
Train Epoch: 6 [55040/81276 (68%)]	Loss: 6.595622 LR 1.18e-04
Train Epoch: 6 [55680/81276 (69%)]	Loss: 6.697161 LR 1.18e-04
Train Epoch: 6 [56320/81276 (69%)]	Loss: 6.639571 LR 1.18e-04
Train Epoch: 6 [56960/81276 (70%)]	Loss: 6.656181 LR 1.17e-04
Train Epoch: 6 [57600/81276 (71%)]	Loss: 6.510048 LR 1.17e-04
Train Epoch: 6 [58240/81276 (72%)]	Loss: 6.815079 LR 1.16e-04
Train Epoch: 6 [58880/81276 (72%)]	Loss: 6.744055 LR 1.16e-04
Train Epoch: 6 [59520/81276 (73%)]	Loss: 6.443891 LR 1.16e-04
Train Epoch: 6 [60160/81276 (74%)]	Loss: 6.636564 LR 1.15e-04
Train Epoch: 6 [60800/81276 (75%)]	Loss: 6.605628 LR 1.15e-04
Train Epoch: 6 [61440/81276 (76%)]	Loss: 6.630450 LR 1.15e-04
Train Epoch: 6 [62080/81276 (76%)]	Loss: 6.526966 LR 1.14e-04
Train Epoch: 6 [62720/81276 (77%)]	Loss: 6.601958 LR 1.14e-04
Train Epoch: 6 [63360/81276 (78%)]	Loss: 6.705225 LR 1.14e-04
Train Epoch: 6 [64000/81276 (79%)]	Loss: 6.635576 LR 1.13e-04
Train Epoch: 6 [64640/81276 (80%)]	Loss: 6.633037 LR 1.13e-04
Train Epoch: 6 [65280/81276 (80%)]	Loss: 6.656158 LR 1.12e-04
Train Epoch: 6 [65920/81276 (81%)]	Loss: 6.463212 LR 1.12e-04
Train Epoch: 6 [66560/81276 (82%)]	Loss: 6.759104 LR 1.12e-04
Train Epoch: 6 [67200/81276 (83%)]	Loss: 6.549169 LR 1.11e-04
Train Epoch: 6 [67840/81276 (84%)]	Loss: 6.455815 LR 1.11e-04
Train Epoch: 6 [68480/81276 (84%)]	Loss: 6.649461 LR 1.11e-04
Train Epoch: 6 [69120/81276 (85%)]	Loss: 6.657990 LR 1.10e-04
Train Epoch: 6 [69760/81276 (86%)]	Loss: 6.704119 LR 1.10e-04
Train Epoch: 6 [70400/81276 (87%)]	Loss: 6.742471 LR 1.10e-04
Train Epoch: 6 [71040/81276 (87%)]	Loss: 6.834387 LR 1.09e-04
Train Epoch: 6 [71680/81276 (88%)]	Loss: 6.671227 LR 1.09e-04
Train Epoch: 6 [72320/81276 (89%)]	Loss: 6.580820 LR 1.09e-04
Train Epoch: 6 [72960/81276 (90%)]	Loss: 6.583871 LR 1.08e-04
Train Epoch: 6 [73600/81276 (91%)]	Loss: 6.478425 LR 1.08e-04
Train Epoch: 6 [74240/81276 (91%)]	Loss: 6.730088 LR 1.07e-04
Train Epoch: 6 [74880/81276 (92%)]	Loss: 6.843046 LR 1.07e-04
Train Epoch: 6 [75520/81276 (93%)]	Loss: 6.590062 LR 1.07e-04
Train Epoch: 6 [76160/81276 (94%)]	Loss: 6.602679 LR 1.06e-04
Train Epoch: 6 [76800/81276 (95%)]	Loss: 6.650094 LR 1.06e-04
Train Epoch: 6 [77440/81276 (95%)]	Loss: 6.581941 LR 1.06e-04
Train Epoch: 6 [78080/81276 (96%)]	Loss: 6.591631 LR 1.05e-04
Train Epoch: 6 [78720/81276 (97%)]	Loss: 6.683133 LR 1.05e-04
Train Epoch: 6 [79360/81276 (98%)]	Loss: 6.825589 LR 1.05e-04
Train Epoch: 6 [80000/81276 (99%)]	Loss: 6.772546 LR 1.04e-04
Train Epoch: 6 [80640/81276 (99%)]	Loss: 6.666876 LR 1.04e-04
Train Epoch: 6 [81216/81276 (100%)]	Loss: 6.571596 LR 1.04e-04
Test set: Average loss: 6.67760180
Train Epoch: 7 [0/81276 (0%)]	Loss: 6.691670 LR 1.04e-04
Train Epoch: 7 [640/81276 (1%)]	Loss: 6.663432 LR 1.03e-04
Train Epoch: 7 [1280/81276 (2%)]	Loss: 6.841997 LR 1.03e-04
Train Epoch: 7 [1920/81276 (2%)]	Loss: 6.611327 LR 1.03e-04
Train Epoch: 7 [2560/81276 (3%)]	Loss: 6.489163 LR 1.02e-04
Train Epoch: 7 [3200/81276 (4%)]	Loss: 6.466252 LR 1.02e-04
Train Epoch: 7 [3840/81276 (5%)]	Loss: 6.561486 LR 1.01e-04
Train Epoch: 7 [4480/81276 (6%)]	Loss: 6.582571 LR 1.01e-04
Train Epoch: 7 [5120/81276 (6%)]	Loss: 6.641212 LR 1.01e-04
Train Epoch: 7 [5760/81276 (7%)]	Loss: 6.753148 LR 1.00e-04
Train Epoch: 7 [6400/81276 (8%)]	Loss: 6.810321 LR 1.00e-04
Train Epoch: 7 [7040/81276 (9%)]	Loss: 6.709852 LR 9.97e-05
Train Epoch: 7 [7680/81276 (9%)]	Loss: 6.865780 LR 9.94e-05
Train Epoch: 7 [8320/81276 (10%)]	Loss: 6.714258 LR 9.90e-05
Train Epoch: 7 [8960/81276 (11%)]	Loss: 6.789742 LR 9.87e-05
Train Epoch: 7 [9600/81276 (12%)]	Loss: 6.632751 LR 9.83e-05
Train Epoch: 7 [10240/81276 (13%)]	Loss: 6.619129 LR 9.80e-05
Train Epoch: 7 [10880/81276 (13%)]	Loss: 6.599445 LR 9.77e-05
Train Epoch: 7 [11520/81276 (14%)]	Loss: 6.690723 LR 9.73e-05
Train Epoch: 7 [12160/81276 (15%)]	Loss: 6.624328 LR 9.70e-05
Train Epoch: 7 [12800/81276 (16%)]	Loss: 6.707397 LR 9.66e-05
Train Epoch: 7 [13440/81276 (17%)]	Loss: 6.457338 LR 9.63e-05
Train Epoch: 7 [14080/81276 (17%)]	Loss: 6.727674 LR 9.59e-05
Train Epoch: 7 [14720/81276 (18%)]	Loss: 6.828609 LR 9.56e-05
Train Epoch: 7 [15360/81276 (19%)]	Loss: 6.902578 LR 9.52e-05
Train Epoch: 7 [16000/81276 (20%)]	Loss: 6.742715 LR 9.49e-05
Train Epoch: 7 [16640/81276 (20%)]	Loss: 6.579039 LR 9.45e-05
Train Epoch: 7 [17280/81276 (21%)]	Loss: 6.944396 LR 9.42e-05
Train Epoch: 7 [17920/81276 (22%)]	Loss: 6.727805 LR 9.38e-05
Train Epoch: 7 [18560/81276 (23%)]	Loss: 6.498827 LR 9.35e-05
Train Epoch: 7 [19200/81276 (24%)]	Loss: 6.520270 LR 9.32e-05
Train Epoch: 7 [19840/81276 (24%)]	Loss: 6.706637 LR 9.28e-05
Train Epoch: 7 [20480/81276 (25%)]	Loss: 6.673268 LR 9.25e-05
Train Epoch: 7 [21120/81276 (26%)]	Loss: 6.672830 LR 9.21e-05
Train Epoch: 7 [21760/81276 (27%)]	Loss: 6.692369 LR 9.18e-05
Train Epoch: 7 [22400/81276 (28%)]	Loss: 6.553916 LR 9.14e-05
Train Epoch: 7 [23040/81276 (28%)]	Loss: 6.863943 LR 9.11e-05
Train Epoch: 7 [23680/81276 (29%)]	Loss: 6.625482 LR 9.08e-05
Train Epoch: 7 [24320/81276 (30%)]	Loss: 6.763621 LR 9.04e-05
Train Epoch: 7 [24960/81276 (31%)]	Loss: 6.454983 LR 9.01e-05
Train Epoch: 7 [25600/81276 (32%)]	Loss: 6.597476 LR 8.97e-05
Train Epoch: 7 [26240/81276 (32%)]	Loss: 6.707556 LR 8.94e-05
Train Epoch: 7 [26880/81276 (33%)]	Loss: 6.450650 LR 8.91e-05
Train Epoch: 7 [27520/81276 (34%)]	Loss: 6.720678 LR 8.87e-05
Train Epoch: 7 [28160/81276 (35%)]	Loss: 6.717616 LR 8.84e-05
Train Epoch: 7 [28800/81276 (35%)]	Loss: 6.581864 LR 8.80e-05
Train Epoch: 7 [29440/81276 (36%)]	Loss: 6.723590 LR 8.77e-05
Train Epoch: 7 [30080/81276 (37%)]	Loss: 6.640235 LR 8.74e-05
Train Epoch: 7 [30720/81276 (38%)]	Loss: 6.611691 LR 8.70e-05
Train Epoch: 7 [31360/81276 (39%)]	Loss: 6.610773 LR 8.67e-05
Train Epoch: 7 [32000/81276 (39%)]	Loss: 6.676082 LR 8.64e-05
Train Epoch: 7 [32640/81276 (40%)]	Loss: 6.906768 LR 8.60e-05
Train Epoch: 7 [33280/81276 (41%)]	Loss: 6.765082 LR 8.57e-05
Train Epoch: 7 [33920/81276 (42%)]	Loss: 6.723597 LR 8.53e-05
Train Epoch: 7 [34560/81276 (43%)]	Loss: 6.710037 LR 8.50e-05
Train Epoch: 7 [35200/81276 (43%)]	Loss: 7.052194 LR 8.47e-05
Train Epoch: 7 [35840/81276 (44%)]	Loss: 6.698914 LR 8.43e-05
Train Epoch: 7 [36480/81276 (45%)]	Loss: 6.700034 LR 8.40e-05
Train Epoch: 7 [37120/81276 (46%)]	Loss: 6.416349 LR 8.37e-05
Train Epoch: 7 [37760/81276 (46%)]	Loss: 6.556704 LR 8.33e-05
Train Epoch: 7 [38400/81276 (47%)]	Loss: 6.560339 LR 8.30e-05
Train Epoch: 7 [39040/81276 (48%)]	Loss: 6.701190 LR 8.27e-05
Train Epoch: 7 [39680/81276 (49%)]	Loss: 6.443312 LR 8.23e-05
Train Epoch: 7 [40320/81276 (50%)]	Loss: 6.723718 LR 8.20e-05
Train Epoch: 7 [40960/81276 (50%)]	Loss: 6.667481 LR 8.17e-05
Train Epoch: 7 [41600/81276 (51%)]	Loss: 6.708513 LR 8.14e-05
Train Epoch: 7 [42240/81276 (52%)]	Loss: 6.668064 LR 8.10e-05
Train Epoch: 7 [42880/81276 (53%)]	Loss: 6.488691 LR 8.07e-05
Train Epoch: 7 [43520/81276 (54%)]	Loss: 6.620310 LR 8.04e-05
Train Epoch: 7 [44160/81276 (54%)]	Loss: 6.583253 LR 8.00e-05
Train Epoch: 7 [44800/81276 (55%)]	Loss: 6.646933 LR 7.97e-05
Train Epoch: 7 [45440/81276 (56%)]	Loss: 6.763490 LR 7.94e-05
Train Epoch: 7 [46080/81276 (57%)]	Loss: 6.747566 LR 7.91e-05
Train Epoch: 7 [46720/81276 (58%)]	Loss: 6.784335 LR 7.87e-05
Train Epoch: 7 [47360/81276 (58%)]	Loss: 6.521950 LR 7.84e-05
Train Epoch: 7 [48000/81276 (59%)]	Loss: 6.723646 LR 7.81e-05
Train Epoch: 7 [48640/81276 (60%)]	Loss: 6.545080 LR 7.77e-05
Train Epoch: 7 [49280/81276 (61%)]	Loss: 6.541849 LR 7.74e-05
Train Epoch: 7 [49920/81276 (61%)]	Loss: 6.716605 LR 7.71e-05
Train Epoch: 7 [50560/81276 (62%)]	Loss: 6.705934 LR 7.68e-05
Train Epoch: 7 [51200/81276 (63%)]	Loss: 6.524739 LR 7.65e-05
Train Epoch: 7 [51840/81276 (64%)]	Loss: 6.761678 LR 7.61e-05
Train Epoch: 7 [52480/81276 (65%)]	Loss: 6.529504 LR 7.58e-05
Train Epoch: 7 [53120/81276 (65%)]	Loss: 6.439780 LR 7.55e-05
Train Epoch: 7 [53760/81276 (66%)]	Loss: 6.706591 LR 7.52e-05
Train Epoch: 7 [54400/81276 (67%)]	Loss: 6.606947 LR 7.48e-05
Train Epoch: 7 [55040/81276 (68%)]	Loss: 6.596548 LR 7.45e-05
Train Epoch: 7 [55680/81276 (69%)]	Loss: 6.691069 LR 7.42e-05
Train Epoch: 7 [56320/81276 (69%)]	Loss: 6.655481 LR 7.39e-05
Train Epoch: 7 [56960/81276 (70%)]	Loss: 6.670556 LR 7.36e-05
Train Epoch: 7 [57600/81276 (71%)]	Loss: 6.530475 LR 7.32e-05
Train Epoch: 7 [58240/81276 (72%)]	Loss: 6.845948 LR 7.29e-05
Train Epoch: 7 [58880/81276 (72%)]	Loss: 6.762636 LR 7.26e-05
Train Epoch: 7 [59520/81276 (73%)]	Loss: 6.455565 LR 7.23e-05
Train Epoch: 7 [60160/81276 (74%)]	Loss: 6.650893 LR 7.20e-05
Train Epoch: 7 [60800/81276 (75%)]	Loss: 6.618043 LR 7.16e-05
Train Epoch: 7 [61440/81276 (76%)]	Loss: 6.652194 LR 7.13e-05
Train Epoch: 7 [62080/81276 (76%)]	Loss: 6.566561 LR 7.10e-05
Train Epoch: 7 [62720/81276 (77%)]	Loss: 6.613357 LR 7.07e-05
Train Epoch: 7 [63360/81276 (78%)]	Loss: 6.717808 LR 7.04e-05
Train Epoch: 7 [64000/81276 (79%)]	Loss: 6.651071 LR 7.01e-05
Train Epoch: 7 [64640/81276 (80%)]	Loss: 6.623417 LR 6.98e-05
Train Epoch: 7 [65280/81276 (80%)]	Loss: 6.661413 LR 6.94e-05
Train Epoch: 7 [65920/81276 (81%)]	Loss: 6.474889 LR 6.91e-05
Train Epoch: 7 [66560/81276 (82%)]	Loss: 6.755187 LR 6.88e-05
Train Epoch: 7 [67200/81276 (83%)]	Loss: 6.551487 LR 6.85e-05
Train Epoch: 7 [67840/81276 (84%)]	Loss: 6.457854 LR 6.82e-05
Train Epoch: 7 [68480/81276 (84%)]	Loss: 6.665140 LR 6.79e-05
Train Epoch: 7 [69120/81276 (85%)]	Loss: 6.704609 LR 6.76e-05
Train Epoch: 7 [69760/81276 (86%)]	Loss: 6.716928 LR 6.73e-05
Train Epoch: 7 [70400/81276 (87%)]	Loss: 6.723448 LR 6.70e-05
Train Epoch: 7 [71040/81276 (87%)]	Loss: 6.843206 LR 6.66e-05
Train Epoch: 7 [71680/81276 (88%)]	Loss: 6.681479 LR 6.63e-05
Train Epoch: 7 [72320/81276 (89%)]	Loss: 6.625495 LR 6.60e-05
Train Epoch: 7 [72960/81276 (90%)]	Loss: 6.613880 LR 6.57e-05
Train Epoch: 7 [73600/81276 (91%)]	Loss: 6.502340 LR 6.54e-05
Train Epoch: 7 [74240/81276 (91%)]	Loss: 6.747152 LR 6.51e-05
Train Epoch: 7 [74880/81276 (92%)]	Loss: 6.848958 LR 6.48e-05
Train Epoch: 7 [75520/81276 (93%)]	Loss: 6.636891 LR 6.45e-05
Train Epoch: 7 [76160/81276 (94%)]	Loss: 6.624763 LR 6.42e-05
Train Epoch: 7 [76800/81276 (95%)]	Loss: 6.656960 LR 6.39e-05
Train Epoch: 7 [77440/81276 (95%)]	Loss: 6.606775 LR 6.36e-05
Train Epoch: 7 [78080/81276 (96%)]	Loss: 6.604223 LR 6.33e-05
Train Epoch: 7 [78720/81276 (97%)]	Loss: 6.684896 LR 6.30e-05
Train Epoch: 7 [79360/81276 (98%)]	Loss: 6.850577 LR 6.27e-05
Train Epoch: 7 [80000/81276 (99%)]	Loss: 6.797406 LR 6.24e-05
Train Epoch: 7 [80640/81276 (99%)]	Loss: 6.676767 LR 6.21e-05
Train Epoch: 7 [81216/81276 (100%)]	Loss: 6.585720 LR 6.18e-05
Test set: Average loss: 6.69005794
Train Epoch: 8 [0/81276 (0%)]	Loss: 6.689919 LR 6.18e-05
Train Epoch: 8 [640/81276 (1%)]	Loss: 6.681366 LR 6.15e-05
Train Epoch: 8 [1280/81276 (2%)]	Loss: 6.872646 LR 6.12e-05
Train Epoch: 8 [1920/81276 (2%)]	Loss: 6.624320 LR 6.09e-05
Train Epoch: 8 [2560/81276 (3%)]	Loss: 6.489082 LR 6.06e-05
Train Epoch: 8 [3200/81276 (4%)]	Loss: 6.498946 LR 6.03e-05
Train Epoch: 8 [3840/81276 (5%)]	Loss: 6.547566 LR 6.00e-05
Train Epoch: 8 [4480/81276 (6%)]	Loss: 6.562875 LR 5.97e-05
Train Epoch: 8 [5120/81276 (6%)]	Loss: 6.605957 LR 5.94e-05
Train Epoch: 8 [5760/81276 (7%)]	Loss: 6.721312 LR 5.91e-05
Train Epoch: 8 [6400/81276 (8%)]	Loss: 6.790823 LR 5.88e-05
Train Epoch: 8 [7040/81276 (9%)]	Loss: 6.684223 LR 5.85e-05
Train Epoch: 8 [7680/81276 (9%)]	Loss: 6.878045 LR 5.82e-05
Train Epoch: 8 [8320/81276 (10%)]	Loss: 6.722033 LR 5.79e-05
Train Epoch: 8 [8960/81276 (11%)]	Loss: 6.781406 LR 5.77e-05
Train Epoch: 8 [9600/81276 (12%)]	Loss: 6.634981 LR 5.74e-05
Train Epoch: 8 [10240/81276 (13%)]	Loss: 6.602481 LR 5.71e-05
Train Epoch: 8 [10880/81276 (13%)]	Loss: 6.578757 LR 5.68e-05
Train Epoch: 8 [11520/81276 (14%)]	Loss: 6.672622 LR 5.65e-05
Train Epoch: 8 [12160/81276 (15%)]	Loss: 6.585693 LR 5.62e-05
Train Epoch: 8 [12800/81276 (16%)]	Loss: 6.728569 LR 5.59e-05
Train Epoch: 8 [13440/81276 (17%)]	Loss: 6.439814 LR 5.56e-05
Train Epoch: 8 [14080/81276 (17%)]	Loss: 6.706435 LR 5.53e-05
Train Epoch: 8 [14720/81276 (18%)]	Loss: 6.793630 LR 5.50e-05
Train Epoch: 8 [15360/81276 (19%)]	Loss: 6.898214 LR 5.48e-05
Train Epoch: 8 [16000/81276 (20%)]	Loss: 6.746679 LR 5.45e-05
Train Epoch: 8 [16640/81276 (20%)]	Loss: 6.572184 LR 5.42e-05
Train Epoch: 8 [17280/81276 (21%)]	Loss: 6.925339 LR 5.39e-05
Train Epoch: 8 [17920/81276 (22%)]	Loss: 6.702361 LR 5.36e-05
Train Epoch: 8 [18560/81276 (23%)]	Loss: 6.504316 LR 5.33e-05
Train Epoch: 8 [19200/81276 (24%)]	Loss: 6.527170 LR 5.30e-05
Train Epoch: 8 [19840/81276 (24%)]	Loss: 6.707641 LR 5.28e-05
Train Epoch: 8 [20480/81276 (25%)]	Loss: 6.664824 LR 5.25e-05
Train Epoch: 8 [21120/81276 (26%)]	Loss: 6.681284 LR 5.22e-05
Train Epoch: 8 [21760/81276 (27%)]	Loss: 6.710311 LR 5.19e-05
Train Epoch: 8 [22400/81276 (28%)]	Loss: 6.554204 LR 5.16e-05
Train Epoch: 8 [23040/81276 (28%)]	Loss: 6.852460 LR 5.14e-05
Train Epoch: 8 [23680/81276 (29%)]	Loss: 6.593566 LR 5.11e-05
Train Epoch: 8 [24320/81276 (30%)]	Loss: 6.755766 LR 5.08e-05
Train Epoch: 8 [24960/81276 (31%)]	Loss: 6.453581 LR 5.05e-05
Train Epoch: 8 [25600/81276 (32%)]	Loss: 6.598680 LR 5.02e-05
Train Epoch: 8 [26240/81276 (32%)]	Loss: 6.693994 LR 5.00e-05
Train Epoch: 8 [26880/81276 (33%)]	Loss: 6.443594 LR 4.97e-05
Train Epoch: 8 [27520/81276 (34%)]	Loss: 6.699573 LR 4.94e-05
Train Epoch: 8 [28160/81276 (35%)]	Loss: 6.687886 LR 4.91e-05
Train Epoch: 8 [28800/81276 (35%)]	Loss: 6.543982 LR 4.89e-05
Train Epoch: 8 [29440/81276 (36%)]	Loss: 6.671635 LR 4.86e-05
Train Epoch: 8 [30080/81276 (37%)]	Loss: 6.634637 LR 4.83e-05
Train Epoch: 8 [30720/81276 (38%)]	Loss: 6.621973 LR 4.80e-05
Train Epoch: 8 [31360/81276 (39%)]	Loss: 6.592006 LR 4.78e-05
Train Epoch: 8 [32000/81276 (39%)]	Loss: 6.655902 LR 4.75e-05
Train Epoch: 8 [32640/81276 (40%)]	Loss: 6.868916 LR 4.72e-05
Train Epoch: 8 [33280/81276 (41%)]	Loss: 6.755172 LR 4.70e-05
Train Epoch: 8 [33920/81276 (42%)]	Loss: 6.697304 LR 4.67e-05
Train Epoch: 8 [34560/81276 (43%)]	Loss: 6.693877 LR 4.64e-05
Train Epoch: 8 [35200/81276 (43%)]	Loss: 7.041485 LR 4.61e-05
Train Epoch: 8 [35840/81276 (44%)]	Loss: 6.660590 LR 4.59e-05
Train Epoch: 8 [36480/81276 (45%)]	Loss: 6.697278 LR 4.56e-05
Train Epoch: 8 [37120/81276 (46%)]	Loss: 6.409942 LR 4.53e-05
Train Epoch: 8 [37760/81276 (46%)]	Loss: 6.512997 LR 4.51e-05
Train Epoch: 8 [38400/81276 (47%)]	Loss: 6.539482 LR 4.48e-05
Train Epoch: 8 [39040/81276 (48%)]	Loss: 6.671863 LR 4.46e-05
Train Epoch: 8 [39680/81276 (49%)]	Loss: 6.424845 LR 4.43e-05
Train Epoch: 8 [40320/81276 (50%)]	Loss: 6.704655 LR 4.40e-05
Train Epoch: 8 [40960/81276 (50%)]	Loss: 6.620034 LR 4.38e-05
Train Epoch: 8 [41600/81276 (51%)]	Loss: 6.659349 LR 4.35e-05
Train Epoch: 8 [42240/81276 (52%)]	Loss: 6.620601 LR 4.32e-05
Train Epoch: 8 [42880/81276 (53%)]	Loss: 6.454758 LR 4.30e-05
Train Epoch: 8 [43520/81276 (54%)]	Loss: 6.577754 LR 4.27e-05
Train Epoch: 8 [44160/81276 (54%)]	Loss: 6.556227 LR 4.25e-05
Train Epoch: 8 [44800/81276 (55%)]	Loss: 6.607416 LR 4.22e-05
Train Epoch: 8 [45440/81276 (56%)]	Loss: 6.692651 LR 4.19e-05
Train Epoch: 8 [46080/81276 (57%)]	Loss: 6.668439 LR 4.17e-05
Train Epoch: 8 [46720/81276 (58%)]	Loss: 6.743006 LR 4.14e-05
Train Epoch: 8 [47360/81276 (58%)]	Loss: 6.482642 LR 4.12e-05
Train Epoch: 8 [48000/81276 (59%)]	Loss: 6.674335 LR 4.09e-05
Train Epoch: 8 [48640/81276 (60%)]	Loss: 6.504577 LR 4.07e-05
Train Epoch: 8 [49280/81276 (61%)]	Loss: 6.498188 LR 4.04e-05
Train Epoch: 8 [49920/81276 (61%)]	Loss: 6.651917 LR 4.02e-05
Train Epoch: 8 [50560/81276 (62%)]	Loss: 6.625020 LR 3.99e-05
Train Epoch: 8 [51200/81276 (63%)]	Loss: 6.478742 LR 3.97e-05
Train Epoch: 8 [51840/81276 (64%)]	Loss: 6.684127 LR 3.94e-05
Train Epoch: 8 [52480/81276 (65%)]	Loss: 6.480473 LR 3.92e-05
Train Epoch: 8 [53120/81276 (65%)]	Loss: 6.392013 LR 3.89e-05
Train Epoch: 8 [53760/81276 (66%)]	Loss: 6.687988 LR 3.87e-05
Train Epoch: 8 [54400/81276 (67%)]	Loss: 6.585772 LR 3.84e-05
Train Epoch: 8 [55040/81276 (68%)]	Loss: 6.575768 LR 3.82e-05
Train Epoch: 8 [55680/81276 (69%)]	Loss: 6.666464 LR 3.79e-05
Train Epoch: 8 [56320/81276 (69%)]	Loss: 6.627830 LR 3.77e-05
Train Epoch: 8 [56960/81276 (70%)]	Loss: 6.657784 LR 3.74e-05
Train Epoch: 8 [57600/81276 (71%)]	Loss: 6.499929 LR 3.72e-05
Train Epoch: 8 [58240/81276 (72%)]	Loss: 6.812274 LR 3.69e-05
Train Epoch: 8 [58880/81276 (72%)]	Loss: 6.745842 LR 3.67e-05
Train Epoch: 8 [59520/81276 (73%)]	Loss: 6.435766 LR 3.64e-05
Train Epoch: 8 [60160/81276 (74%)]	Loss: 6.620804 LR 3.62e-05
Train Epoch: 8 [60800/81276 (75%)]	Loss: 6.594843 LR 3.60e-05
Train Epoch: 8 [61440/81276 (76%)]	Loss: 6.627247 LR 3.57e-05
Train Epoch: 8 [62080/81276 (76%)]	Loss: 6.547344 LR 3.55e-05
Train Epoch: 8 [62720/81276 (77%)]	Loss: 6.590800 LR 3.52e-05
Train Epoch: 8 [63360/81276 (78%)]	Loss: 6.715838 LR 3.50e-05
Train Epoch: 8 [64000/81276 (79%)]	Loss: 6.635244 LR 3.48e-05
Train Epoch: 8 [64640/81276 (80%)]	Loss: 6.612920 LR 3.45e-05
Train Epoch: 8 [65280/81276 (80%)]	Loss: 6.627222 LR 3.43e-05
Train Epoch: 8 [65920/81276 (81%)]	Loss: 6.440747 LR 3.40e-05
Train Epoch: 8 [66560/81276 (82%)]	Loss: 6.743519 LR 3.38e-05
Train Epoch: 8 [67200/81276 (83%)]	Loss: 6.514466 LR 3.36e-05
Train Epoch: 8 [67840/81276 (84%)]	Loss: 6.468360 LR 3.33e-05
Train Epoch: 8 [68480/81276 (84%)]	Loss: 6.642308 LR 3.31e-05
Train Epoch: 8 [69120/81276 (85%)]	Loss: 6.642222 LR 3.29e-05
Train Epoch: 8 [69760/81276 (86%)]	Loss: 6.687931 LR 3.26e-05
Train Epoch: 8 [70400/81276 (87%)]	Loss: 6.693377 LR 3.24e-05
Train Epoch: 8 [71040/81276 (87%)]	Loss: 6.806738 LR 3.22e-05
Train Epoch: 8 [71680/81276 (88%)]	Loss: 6.660028 LR 3.20e-05
Train Epoch: 8 [72320/81276 (89%)]	Loss: 6.566152 LR 3.17e-05
Train Epoch: 8 [72960/81276 (90%)]	Loss: 6.573102 LR 3.15e-05
Train Epoch: 8 [73600/81276 (91%)]	Loss: 6.471438 LR 3.13e-05
Train Epoch: 8 [74240/81276 (91%)]	Loss: 6.718933 LR 3.10e-05
Train Epoch: 8 [74880/81276 (92%)]	Loss: 6.829896 LR 3.08e-05
Train Epoch: 8 [75520/81276 (93%)]	Loss: 6.592477 LR 3.06e-05
Train Epoch: 8 [76160/81276 (94%)]	Loss: 6.600039 LR 3.04e-05
Train Epoch: 8 [76800/81276 (95%)]	Loss: 6.636755 LR 3.01e-05
Train Epoch: 8 [77440/81276 (95%)]	Loss: 6.564589 LR 2.99e-05
Train Epoch: 8 [78080/81276 (96%)]	Loss: 6.566214 LR 2.97e-05
Train Epoch: 8 [78720/81276 (97%)]	Loss: 6.649848 LR 2.95e-05
Train Epoch: 8 [79360/81276 (98%)]	Loss: 6.805346 LR 2.93e-05
Train Epoch: 8 [80000/81276 (99%)]	Loss: 6.755224 LR 2.90e-05
Train Epoch: 8 [80640/81276 (99%)]	Loss: 6.630949 LR 2.88e-05
Train Epoch: 8 [81216/81276 (100%)]	Loss: 6.538026 LR 2.86e-05
Test set: Average loss: 6.65390136
Train Epoch: 9 [0/81276 (0%)]	Loss: 6.654547 LR 2.86e-05
Train Epoch: 9 [640/81276 (1%)]	Loss: 6.640373 LR 2.84e-05
Train Epoch: 9 [1280/81276 (2%)]	Loss: 6.828577 LR 2.82e-05
Train Epoch: 9 [1920/81276 (2%)]	Loss: 6.583081 LR 2.80e-05
Train Epoch: 9 [2560/81276 (3%)]	Loss: 6.468456 LR 2.78e-05
Train Epoch: 9 [3200/81276 (4%)]	Loss: 6.466182 LR 2.75e-05
Train Epoch: 9 [3840/81276 (5%)]	Loss: 6.518388 LR 2.73e-05
Train Epoch: 9 [4480/81276 (6%)]	Loss: 6.516123 LR 2.71e-05
Train Epoch: 9 [5120/81276 (6%)]	Loss: 6.590487 LR 2.69e-05
Train Epoch: 9 [5760/81276 (7%)]	Loss: 6.696974 LR 2.67e-05
Train Epoch: 9 [6400/81276 (8%)]	Loss: 6.762571 LR 2.65e-05
Train Epoch: 9 [7040/81276 (9%)]	Loss: 6.645042 LR 2.63e-05
Train Epoch: 9 [7680/81276 (9%)]	Loss: 6.834568 LR 2.61e-05
Train Epoch: 9 [8320/81276 (10%)]	Loss: 6.702987 LR 2.59e-05
Train Epoch: 9 [8960/81276 (11%)]	Loss: 6.745858 LR 2.56e-05
Train Epoch: 9 [9600/81276 (12%)]	Loss: 6.603674 LR 2.54e-05
Train Epoch: 9 [10240/81276 (13%)]	Loss: 6.584842 LR 2.52e-05
Train Epoch: 9 [10880/81276 (13%)]	Loss: 6.560906 LR 2.50e-05
Train Epoch: 9 [11520/81276 (14%)]	Loss: 6.639004 LR 2.48e-05
Train Epoch: 9 [12160/81276 (15%)]	Loss: 6.566941 LR 2.46e-05
Train Epoch: 9 [12800/81276 (16%)]	Loss: 6.694570 LR 2.44e-05
Train Epoch: 9 [13440/81276 (17%)]	Loss: 6.407351 LR 2.42e-05
Train Epoch: 9 [14080/81276 (17%)]	Loss: 6.682532 LR 2.40e-05
Train Epoch: 9 [14720/81276 (18%)]	Loss: 6.754830 LR 2.38e-05
Train Epoch: 9 [15360/81276 (19%)]	Loss: 6.869772 LR 2.36e-05
Train Epoch: 9 [16000/81276 (20%)]	Loss: 6.701521 LR 2.34e-05
Train Epoch: 9 [16640/81276 (20%)]	Loss: 6.535816 LR 2.32e-05
Train Epoch: 9 [17280/81276 (21%)]	Loss: 6.882248 LR 2.30e-05
Train Epoch: 9 [17920/81276 (22%)]	Loss: 6.657203 LR 2.28e-05
Train Epoch: 9 [18560/81276 (23%)]	Loss: 6.449527 LR 2.26e-05
Train Epoch: 9 [19200/81276 (24%)]	Loss: 6.471873 LR 2.24e-05
Train Epoch: 9 [19840/81276 (24%)]	Loss: 6.671038 LR 2.22e-05
Train Epoch: 9 [20480/81276 (25%)]	Loss: 6.604261 LR 2.20e-05
Train Epoch: 9 [21120/81276 (26%)]	Loss: 6.629230 LR 2.18e-05
Train Epoch: 9 [21760/81276 (27%)]	Loss: 6.661530 LR 2.16e-05
Train Epoch: 9 [22400/81276 (28%)]	Loss: 6.493969 LR 2.15e-05
Train Epoch: 9 [23040/81276 (28%)]	Loss: 6.822844 LR 2.13e-05
Train Epoch: 9 [23680/81276 (29%)]	Loss: 6.563378 LR 2.11e-05
Train Epoch: 9 [24320/81276 (30%)]	Loss: 6.707842 LR 2.09e-05
Train Epoch: 9 [24960/81276 (31%)]	Loss: 6.421125 LR 2.07e-05
Train Epoch: 9 [25600/81276 (32%)]	Loss: 6.574320 LR 2.05e-05
Train Epoch: 9 [26240/81276 (32%)]	Loss: 6.665267 LR 2.03e-05
Train Epoch: 9 [26880/81276 (33%)]	Loss: 6.421104 LR 2.01e-05
Train Epoch: 9 [27520/81276 (34%)]	Loss: 6.668475 LR 1.99e-05
Train Epoch: 9 [28160/81276 (35%)]	Loss: 6.628065 LR 1.98e-05
Train Epoch: 9 [28800/81276 (35%)]	Loss: 6.490454 LR 1.96e-05
Train Epoch: 9 [29440/81276 (36%)]	Loss: 6.626730 LR 1.94e-05
Train Epoch: 9 [30080/81276 (37%)]	Loss: 6.583823 LR 1.92e-05
Train Epoch: 9 [30720/81276 (38%)]	Loss: 6.563529 LR 1.90e-05
Train Epoch: 9 [31360/81276 (39%)]	Loss: 6.555798 LR 1.89e-05
Train Epoch: 9 [32000/81276 (39%)]	Loss: 6.619611 LR 1.87e-05
Train Epoch: 9 [32640/81276 (40%)]	Loss: 6.851226 LR 1.85e-05
Train Epoch: 9 [33280/81276 (41%)]	Loss: 6.726012 LR 1.83e-05
Train Epoch: 9 [33920/81276 (42%)]	Loss: 6.675816 LR 1.81e-05
Train Epoch: 9 [34560/81276 (43%)]	Loss: 6.670670 LR 1.80e-05
Train Epoch: 9 [35200/81276 (43%)]	Loss: 7.000738 LR 1.78e-05
Train Epoch: 9 [35840/81276 (44%)]	Loss: 6.630401 LR 1.76e-05
Train Epoch: 9 [36480/81276 (45%)]	Loss: 6.658499 LR 1.74e-05
Train Epoch: 9 [37120/81276 (46%)]	Loss: 6.348364 LR 1.73e-05
Train Epoch: 9 [37760/81276 (46%)]	Loss: 6.488973 LR 1.71e-05
Train Epoch: 9 [38400/81276 (47%)]	Loss: 6.487385 LR 1.69e-05
Train Epoch: 9 [39040/81276 (48%)]	Loss: 6.636812 LR 1.67e-05
Train Epoch: 9 [39680/81276 (49%)]	Loss: 6.386493 LR 1.66e-05
Train Epoch: 9 [40320/81276 (50%)]	Loss: 6.631512 LR 1.64e-05
Train Epoch: 9 [40960/81276 (50%)]	Loss: 6.568929 LR 1.62e-05
Train Epoch: 9 [41600/81276 (51%)]	Loss: 6.629242 LR 1.61e-05
Train Epoch: 9 [42240/81276 (52%)]	Loss: 6.582347 LR 1.59e-05
Train Epoch: 9 [42880/81276 (53%)]	Loss: 6.415020 LR 1.57e-05
Train Epoch: 9 [43520/81276 (54%)]	Loss: 6.535574 LR 1.56e-05
Train Epoch: 9 [44160/81276 (54%)]	Loss: 6.501831 LR 1.54e-05
Train Epoch: 9 [44800/81276 (55%)]	Loss: 6.566299 LR 1.52e-05
Train Epoch: 9 [45440/81276 (56%)]	Loss: 6.672744 LR 1.51e-05
Train Epoch: 9 [46080/81276 (57%)]	Loss: 6.650716 LR 1.49e-05
Train Epoch: 9 [46720/81276 (58%)]	Loss: 6.716693 LR 1.48e-05
Train Epoch: 9 [47360/81276 (58%)]	Loss: 6.441194 LR 1.46e-05
Train Epoch: 9 [48000/81276 (59%)]	Loss: 6.645156 LR 1.44e-05
Train Epoch: 9 [48640/81276 (60%)]	Loss: 6.463960 LR 1.43e-05
Train Epoch: 9 [49280/81276 (61%)]	Loss: 6.468972 LR 1.41e-05
Train Epoch: 9 [49920/81276 (61%)]	Loss: 6.634885 LR 1.40e-05
Train Epoch: 9 [50560/81276 (62%)]	Loss: 6.601799 LR 1.38e-05
Train Epoch: 9 [51200/81276 (63%)]	Loss: 6.451599 LR 1.37e-05
Train Epoch: 9 [51840/81276 (64%)]	Loss: 6.658987 LR 1.35e-05
Train Epoch: 9 [52480/81276 (65%)]	Loss: 6.433360 LR 1.33e-05
Train Epoch: 9 [53120/81276 (65%)]	Loss: 6.382999 LR 1.32e-05
Train Epoch: 9 [53760/81276 (66%)]	Loss: 6.676364 LR 1.30e-05
Train Epoch: 9 [54400/81276 (67%)]	Loss: 6.556954 LR 1.29e-05
Train Epoch: 9 [55040/81276 (68%)]	Loss: 6.569690 LR 1.27e-05
Train Epoch: 9 [55680/81276 (69%)]	Loss: 6.652942 LR 1.26e-05
Train Epoch: 9 [56320/81276 (69%)]	Loss: 6.600728 LR 1.24e-05
Train Epoch: 9 [56960/81276 (70%)]	Loss: 6.626864 LR 1.23e-05
Train Epoch: 9 [57600/81276 (71%)]	Loss: 6.472397 LR 1.22e-05
Train Epoch: 9 [58240/81276 (72%)]	Loss: 6.782794 LR 1.20e-05
Train Epoch: 9 [58880/81276 (72%)]	Loss: 6.709941 LR 1.19e-05
Train Epoch: 9 [59520/81276 (73%)]	Loss: 6.399710 LR 1.17e-05
Train Epoch: 9 [60160/81276 (74%)]	Loss: 6.603418 LR 1.16e-05
Train Epoch: 9 [60800/81276 (75%)]	Loss: 6.574346 LR 1.14e-05
Train Epoch: 9 [61440/81276 (76%)]	Loss: 6.587358 LR 1.13e-05
Train Epoch: 9 [62080/81276 (76%)]	Loss: 6.518820 LR 1.11e-05
Train Epoch: 9 [62720/81276 (77%)]	Loss: 6.549983 LR 1.10e-05
Train Epoch: 9 [63360/81276 (78%)]	Loss: 6.673159 LR 1.09e-05
Train Epoch: 9 [64000/81276 (79%)]	Loss: 6.601572 LR 1.07e-05
Train Epoch: 9 [64640/81276 (80%)]	Loss: 6.589877 LR 1.06e-05
Train Epoch: 9 [65280/81276 (80%)]	Loss: 6.583616 LR 1.05e-05
Train Epoch: 9 [65920/81276 (81%)]	Loss: 6.423217 LR 1.03e-05
Train Epoch: 9 [66560/81276 (82%)]	Loss: 6.708298 LR 1.02e-05
Train Epoch: 9 [67200/81276 (83%)]	Loss: 6.503773 LR 1.00e-05
Train Epoch: 9 [67840/81276 (84%)]	Loss: 6.428766 LR 9.92e-06
Train Epoch: 9 [68480/81276 (84%)]	Loss: 6.629919 LR 9.78e-06
Train Epoch: 9 [69120/81276 (85%)]	Loss: 6.621204 LR 9.65e-06
Train Epoch: 9 [69760/81276 (86%)]	Loss: 6.673485 LR 9.52e-06
Train Epoch: 9 [70400/81276 (87%)]	Loss: 6.679254 LR 9.39e-06
Train Epoch: 9 [71040/81276 (87%)]	Loss: 6.783163 LR 9.26e-06
Train Epoch: 9 [71680/81276 (88%)]	Loss: 6.637002 LR 9.14e-06
Train Epoch: 9 [72320/81276 (89%)]	Loss: 6.550306 LR 9.01e-06
Train Epoch: 9 [72960/81276 (90%)]	Loss: 6.551445 LR 8.88e-06
Train Epoch: 9 [73600/81276 (91%)]	Loss: 6.460956 LR 8.76e-06
Train Epoch: 9 [74240/81276 (91%)]	Loss: 6.702535 LR 8.63e-06
Train Epoch: 9 [74880/81276 (92%)]	Loss: 6.810789 LR 8.51e-06
Train Epoch: 9 [75520/81276 (93%)]	Loss: 6.578903 LR 8.39e-06
Train Epoch: 9 [76160/81276 (94%)]	Loss: 6.584636 LR 8.26e-06
Train Epoch: 9 [76800/81276 (95%)]	Loss: 6.618754 LR 8.14e-06
Train Epoch: 9 [77440/81276 (95%)]	Loss: 6.545594 LR 8.02e-06
Train Epoch: 9 [78080/81276 (96%)]	Loss: 6.563419 LR 7.90e-06
Train Epoch: 9 [78720/81276 (97%)]	Loss: 6.626626 LR 7.78e-06
Train Epoch: 9 [79360/81276 (98%)]	Loss: 6.779892 LR 7.67e-06
Train Epoch: 9 [80000/81276 (99%)]	Loss: 6.732190 LR 7.55e-06
Train Epoch: 9 [80640/81276 (99%)]	Loss: 6.634842 LR 7.43e-06
Train Epoch: 9 [81216/81276 (100%)]	Loss: 6.516922 LR 7.34e-06
Test set: Average loss: 6.64896949
Train Epoch: 10 [0/81276 (0%)]	Loss: 6.642773 LR 7.33e-06
Train Epoch: 10 [640/81276 (1%)]	Loss: 6.632676 LR 7.22e-06
Train Epoch: 10 [1280/81276 (2%)]	Loss: 6.814282 LR 7.10e-06
Train Epoch: 10 [1920/81276 (2%)]	Loss: 6.573000 LR 6.99e-06
Train Epoch: 10 [2560/81276 (3%)]	Loss: 6.465844 LR 6.88e-06
Train Epoch: 10 [3200/81276 (4%)]	Loss: 6.451667 LR 6.77e-06
Train Epoch: 10 [3840/81276 (5%)]	Loss: 6.509688 LR 6.66e-06
Train Epoch: 10 [4480/81276 (6%)]	Loss: 6.510840 LR 6.55e-06
Train Epoch: 10 [5120/81276 (6%)]	Loss: 6.574031 LR 6.44e-06
Train Epoch: 10 [5760/81276 (7%)]	Loss: 6.685598 LR 6.33e-06
Train Epoch: 10 [6400/81276 (8%)]	Loss: 6.754492 LR 6.23e-06
Train Epoch: 10 [7040/81276 (9%)]	Loss: 6.646740 LR 6.12e-06
Train Epoch: 10 [7680/81276 (9%)]	Loss: 6.830763 LR 6.02e-06
Train Epoch: 10 [8320/81276 (10%)]	Loss: 6.699513 LR 5.91e-06
Train Epoch: 10 [8960/81276 (11%)]	Loss: 6.748861 LR 5.81e-06
Train Epoch: 10 [9600/81276 (12%)]	Loss: 6.601469 LR 5.71e-06
Train Epoch: 10 [10240/81276 (13%)]	Loss: 6.575721 LR 5.61e-06
Train Epoch: 10 [10880/81276 (13%)]	Loss: 6.565882 LR 5.51e-06
Train Epoch: 10 [11520/81276 (14%)]	Loss: 6.640975 LR 5.41e-06
Train Epoch: 10 [12160/81276 (15%)]	Loss: 6.572021 LR 5.31e-06
Train Epoch: 10 [12800/81276 (16%)]	Loss: 6.697032 LR 5.21e-06
Train Epoch: 10 [13440/81276 (17%)]	Loss: 6.405096 LR 5.12e-06
Train Epoch: 10 [14080/81276 (17%)]	Loss: 6.688414 LR 5.02e-06
Train Epoch: 10 [14720/81276 (18%)]	Loss: 6.755364 LR 4.93e-06
Train Epoch: 10 [15360/81276 (19%)]	Loss: 6.874826 LR 4.83e-06
Train Epoch: 10 [16000/81276 (20%)]	Loss: 6.700340 LR 4.74e-06
Train Epoch: 10 [16640/81276 (20%)]	Loss: 6.543105 LR 4.65e-06
Train Epoch: 10 [17280/81276 (21%)]	Loss: 6.876442 LR 4.56e-06
Train Epoch: 10 [17920/81276 (22%)]	Loss: 6.673174 LR 4.46e-06
Train Epoch: 10 [18560/81276 (23%)]	Loss: 6.446742 LR 4.38e-06
Train Epoch: 10 [19200/81276 (24%)]	Loss: 6.466500 LR 4.29e-06
Train Epoch: 10 [19840/81276 (24%)]	Loss: 6.663779 LR 4.20e-06
Train Epoch: 10 [20480/81276 (25%)]	Loss: 6.598389 LR 4.11e-06
Train Epoch: 10 [21120/81276 (26%)]	Loss: 6.634986 LR 4.03e-06
Train Epoch: 10 [21760/81276 (27%)]	Loss: 6.659933 LR 3.94e-06
Train Epoch: 10 [22400/81276 (28%)]	Loss: 6.495230 LR 3.86e-06
Train Epoch: 10 [23040/81276 (28%)]	Loss: 6.825510 LR 3.77e-06
Train Epoch: 10 [23680/81276 (29%)]	Loss: 6.563035 LR 3.69e-06
Train Epoch: 10 [24320/81276 (30%)]	Loss: 6.700949 LR 3.61e-06
Train Epoch: 10 [24960/81276 (31%)]	Loss: 6.419681 LR 3.53e-06
Train Epoch: 10 [25600/81276 (32%)]	Loss: 6.563619 LR 3.45e-06
Train Epoch: 10 [26240/81276 (32%)]	Loss: 6.660109 LR 3.37e-06
Train Epoch: 10 [26880/81276 (33%)]	Loss: 6.416654 LR 3.29e-06
Train Epoch: 10 [27520/81276 (34%)]	Loss: 6.676244 LR 3.22e-06
Train Epoch: 10 [28160/81276 (35%)]	Loss: 6.626236 LR 3.14e-06
Train Epoch: 10 [28800/81276 (35%)]	Loss: 6.499289 LR 3.07e-06
Train Epoch: 10 [29440/81276 (36%)]	Loss: 6.625139 LR 2.99e-06
Train Epoch: 10 [30080/81276 (37%)]	Loss: 6.584810 LR 2.92e-06
Train Epoch: 10 [30720/81276 (38%)]	Loss: 6.564351 LR 2.85e-06
Train Epoch: 10 [31360/81276 (39%)]	Loss: 6.565794 LR 2.77e-06
Train Epoch: 10 [32000/81276 (39%)]	Loss: 6.614859 LR 2.70e-06
Train Epoch: 10 [32640/81276 (40%)]	Loss: 6.868934 LR 2.63e-06
Train Epoch: 10 [33280/81276 (41%)]	Loss: 6.724322 LR 2.56e-06
Train Epoch: 10 [33920/81276 (42%)]	Loss: 6.681226 LR 2.50e-06
Train Epoch: 10 [34560/81276 (43%)]	Loss: 6.668425 LR 2.43e-06
Train Epoch: 10 [35200/81276 (43%)]	Loss: 6.996596 LR 2.36e-06
Train Epoch: 10 [35840/81276 (44%)]	Loss: 6.631939 LR 2.30e-06
Train Epoch: 10 [36480/81276 (45%)]	Loss: 6.660265 LR 2.23e-06
Train Epoch: 10 [37120/81276 (46%)]	Loss: 6.349796 LR 2.17e-06
Train Epoch: 10 [37760/81276 (46%)]	Loss: 6.491429 LR 2.11e-06
Train Epoch: 10 [38400/81276 (47%)]	Loss: 6.493714 LR 2.05e-06
Train Epoch: 10 [39040/81276 (48%)]	Loss: 6.638076 LR 1.99e-06
Train Epoch: 10 [39680/81276 (49%)]	Loss: 6.390715 LR 1.93e-06
Train Epoch: 10 [40320/81276 (50%)]	Loss: 6.629902 LR 1.87e-06
Train Epoch: 10 [40960/81276 (50%)]	Loss: 6.575463 LR 1.81e-06
Train Epoch: 10 [41600/81276 (51%)]	Loss: 6.640828 LR 1.75e-06
Train Epoch: 10 [42240/81276 (52%)]	Loss: 6.594288 LR 1.70e-06
Train Epoch: 10 [42880/81276 (53%)]	Loss: 6.426705 LR 1.64e-06
Train Epoch: 10 [43520/81276 (54%)]	Loss: 6.546529 LR 1.59e-06
Train Epoch: 10 [44160/81276 (54%)]	Loss: 6.511983 LR 1.53e-06
Train Epoch: 10 [44800/81276 (55%)]	Loss: 6.570074 LR 1.48e-06
Train Epoch: 10 [45440/81276 (56%)]	Loss: 6.681314 LR 1.43e-06
Train Epoch: 10 [46080/81276 (57%)]	Loss: 6.660232 LR 1.38e-06
Train Epoch: 10 [46720/81276 (58%)]	Loss: 6.720882 LR 1.33e-06
Train Epoch: 10 [47360/81276 (58%)]	Loss: 6.459683 LR 1.28e-06
Train Epoch: 10 [48000/81276 (59%)]	Loss: 6.661345 LR 1.23e-06
Train Epoch: 10 [48640/81276 (60%)]	Loss: 6.464165 LR 1.18e-06
Train Epoch: 10 [49280/81276 (61%)]	Loss: 6.480033 LR 1.14e-06
Train Epoch: 10 [49920/81276 (61%)]	Loss: 6.630146 LR 1.09e-06
Train Epoch: 10 [50560/81276 (62%)]	Loss: 6.622139 LR 1.05e-06
Train Epoch: 10 [51200/81276 (63%)]	Loss: 6.466310 LR 1.01e-06
Train Epoch: 10 [51840/81276 (64%)]	Loss: 6.667650 LR 9.63e-07
Train Epoch: 10 [52480/81276 (65%)]	Loss: 6.436229 LR 9.22e-07
Train Epoch: 10 [53120/81276 (65%)]	Loss: 6.386187 LR 8.81e-07
Train Epoch: 10 [53760/81276 (66%)]	Loss: 6.678953 LR 8.41e-07
Train Epoch: 10 [54400/81276 (67%)]	Loss: 6.566294 LR 8.02e-07
Train Epoch: 10 [55040/81276 (68%)]	Loss: 6.577037 LR 7.65e-07
Train Epoch: 10 [55680/81276 (69%)]	Loss: 6.653569 LR 7.28e-07
Train Epoch: 10 [56320/81276 (69%)]	Loss: 6.601147 LR 6.91e-07
Train Epoch: 10 [56960/81276 (70%)]	Loss: 6.637261 LR 6.56e-07
Train Epoch: 10 [57600/81276 (71%)]	Loss: 6.486645 LR 6.22e-07
Train Epoch: 10 [58240/81276 (72%)]	Loss: 6.793439 LR 5.89e-07
Train Epoch: 10 [58880/81276 (72%)]	Loss: 6.718104 LR 5.56e-07
Train Epoch: 10 [59520/81276 (73%)]	Loss: 6.417245 LR 5.25e-07
Train Epoch: 10 [60160/81276 (74%)]	Loss: 6.613144 LR 4.94e-07
Train Epoch: 10 [60800/81276 (75%)]	Loss: 6.579223 LR 4.65e-07
Train Epoch: 10 [61440/81276 (76%)]	Loss: 6.603724 LR 4.36e-07
Train Epoch: 10 [62080/81276 (76%)]	Loss: 6.525435 LR 4.08e-07
Train Epoch: 10 [62720/81276 (77%)]	Loss: 6.559355 LR 3.81e-07
Train Epoch: 10 [63360/81276 (78%)]	Loss: 6.673975 LR 3.55e-07
Train Epoch: 10 [64000/81276 (79%)]	Loss: 6.604790 LR 3.30e-07
Train Epoch: 10 [64640/81276 (80%)]	Loss: 6.596283 LR 3.06e-07
Train Epoch: 10 [65280/81276 (80%)]	Loss: 6.575214 LR 2.83e-07
Train Epoch: 10 [65920/81276 (81%)]	Loss: 6.423343 LR 2.60e-07
Train Epoch: 10 [66560/81276 (82%)]	Loss: 6.716022 LR 2.39e-07
Train Epoch: 10 [67200/81276 (83%)]	Loss: 6.506222 LR 2.18e-07
Train Epoch: 10 [67840/81276 (84%)]	Loss: 6.439107 LR 1.99e-07
Train Epoch: 10 [68480/81276 (84%)]	Loss: 6.642788 LR 1.80e-07
Train Epoch: 10 [69120/81276 (85%)]	Loss: 6.625312 LR 1.62e-07
Train Epoch: 10 [69760/81276 (86%)]	Loss: 6.669020 LR 1.46e-07
Train Epoch: 10 [70400/81276 (87%)]	Loss: 6.687790 LR 1.30e-07
Train Epoch: 10 [71040/81276 (87%)]	Loss: 6.781467 LR 1.15e-07
Train Epoch: 10 [71680/81276 (88%)]	Loss: 6.645451 LR 1.01e-07
Train Epoch: 10 [72320/81276 (89%)]	Loss: 6.559572 LR 8.75e-08
Train Epoch: 10 [72960/81276 (90%)]	Loss: 6.560931 LR 7.53e-08
Train Epoch: 10 [73600/81276 (91%)]	Loss: 6.471398 LR 6.40e-08
Train Epoch: 10 [74240/81276 (91%)]	Loss: 6.703663 LR 5.36e-08
Train Epoch: 10 [74880/81276 (92%)]	Loss: 6.812841 LR 4.41e-08
Train Epoch: 10 [75520/81276 (93%)]	Loss: 6.584661 LR 3.56e-08
Train Epoch: 10 [76160/81276 (94%)]	Loss: 6.586874 LR 2.80e-08
Train Epoch: 10 [76800/81276 (95%)]	Loss: 6.614975 LR 2.13e-08
Train Epoch: 10 [77440/81276 (95%)]	Loss: 6.549514 LR 1.55e-08
Train Epoch: 10 [78080/81276 (96%)]	Loss: 6.575942 LR 1.06e-08
Train Epoch: 10 [78720/81276 (97%)]	Loss: 6.630168 LR 6.64e-09
Train Epoch: 10 [79360/81276 (98%)]	Loss: 6.784735 LR 3.60e-09
Train Epoch: 10 [80000/81276 (99%)]	Loss: 6.735252 LR 1.49e-09
Train Epoch: 10 [80640/81276 (99%)]	Loss: 6.641003 LR 2.94e-10
Train Epoch: 10 [81216/81276 (100%)]	Loss: 6.524739 LR 0.00e+00
Test set: Average loss: 6.65691404
